{"/home/travis/build/npmtest/node-npmtest-claudia-bot-builder/test.js":{"path":"/home/travis/build/npmtest/node-npmtest-claudia-bot-builder/test.js","s":{"1":2,"2":2,"3":2,"4":2,"5":2,"6":2,"7":2,"8":1,"9":2,"10":2,"11":1,"12":1,"13":1,"14":1,"15":2,"16":2,"17":2,"18":2,"19":1,"20":1,"21":2,"22":2,"23":2,"24":1,"25":1,"26":1,"27":1,"28":1,"29":1,"30":1,"31":1,"32":1,"33":1,"34":1,"35":1,"36":1,"37":1,"38":1,"39":2,"40":2,"41":1,"42":2,"43":2,"44":1,"45":2,"46":2,"47":1,"48":2,"49":2,"50":1,"51":1,"52":1,"53":1,"54":1},"b":{"1":[2,1,1,1],"2":[1,1,1,1],"3":[1,1],"4":[1,1],"5":[1,1],"6":[1,1],"7":[1,1],"8":[1,1],"9":[1,1],"10":[1,1,1],"11":[1,1],"12":[1,1],"13":[1,1],"14":[1,1],"15":[1,1],"16":[1,1],"17":[1,1]},"f":{"1":2,"2":2,"3":2,"4":2,"5":2,"6":1,"7":1,"8":1,"9":2,"10":2,"11":2,"12":2,"13":1},"fnMap":{"1":{"name":"(anonymous_1)","line":12,"loc":{"start":{"line":12,"column":1},"end":{"line":12,"column":13}}},"2":{"name":"(anonymous_2)","line":19,"loc":{"start":{"line":19,"column":5},"end":{"line":19,"column":17}}},"3":{"name":"(anonymous_3)","line":23,"loc":{"start":{"line":23,"column":24},"end":{"line":23,"column":36}}},"4":{"name":"(anonymous_4)","line":61,"loc":{"start":{"line":61,"column":5},"end":{"line":61,"column":17}}},"5":{"name":"(anonymous_5)","line":82,"loc":{"start":{"line":82,"column":5},"end":{"line":82,"column":17}}},"6":{"name":"(anonymous_6)","line":91,"loc":{"start":{"line":91,"column":77},"end":{"line":94,"column":10}}},"7":{"name":"(anonymous_7)","line":112,"loc":{"start":{"line":112,"column":83},"end":{"line":115,"column":10}},"skip":true},"8":{"name":"(anonymous_8)","line":123,"loc":{"start":{"line":123,"column":77},"end":{"line":126,"column":10}},"skip":true},"9":{"name":"(anonymous_9)","line":139,"loc":{"start":{"line":139,"column":12},"end":{"line":139,"column":40}},"skip":true},"10":{"name":"(anonymous_10)","line":147,"loc":{"start":{"line":147,"column":77},"end":{"line":150,"column":10}},"skip":true},"11":{"name":"(anonymous_11)","line":158,"loc":{"start":{"line":158,"column":83},"end":{"line":161,"column":10}},"skip":true},"12":{"name":"(anonymous_12)","line":169,"loc":{"start":{"line":169,"column":79},"end":{"line":172,"column":10}},"skip":true},"13":{"name":"(anonymous_13)","line":180,"loc":{"start":{"line":180,"column":75},"end":{"line":183,"column":10}},"skip":true}},"statementMap":{"1":{"start":{"line":12,"column":0},"end":{"line":195,"column":5}},"2":{"start":{"line":14,"column":4},"end":{"line":14,"column":14}},"3":{"start":{"line":19,"column":4},"end":{"line":56,"column":9}},"4":{"start":{"line":21,"column":8},"end":{"line":21,"column":19}},"5":{"start":{"line":23,"column":8},"end":{"line":35,"column":13}},"6":{"start":{"line":24,"column":12},"end":{"line":34,"column":13}},"7":{"start":{"line":25,"column":16},"end":{"line":28,"column":30}},"8":{"start":{"line":30,"column":16},"end":{"line":33,"column":27}},"9":{"start":{"line":37,"column":8},"end":{"line":39,"column":21}},"10":{"start":{"line":40,"column":8},"end":{"line":53,"column":9}},"11":{"start":{"line":43,"column":12},"end":{"line":46,"column":14}},"12":{"start":{"line":47,"column":12},"end":{"line":47,"column":18}},"13":{"start":{"line":50,"column":12},"end":{"line":51,"column":46}},"14":{"start":{"line":52,"column":12},"end":{"line":52,"column":18}},"15":{"start":{"line":55,"column":8},"end":{"line":55,"column":35}},"16":{"start":{"line":61,"column":4},"end":{"line":63,"column":9}},"17":{"start":{"line":62,"column":8},"end":{"line":62,"column":15}},"18":{"start":{"line":64,"column":4},"end":{"line":77,"column":5}},"19":{"start":{"line":70,"column":8},"end":{"line":70,"column":14}},"20":{"start":{"line":76,"column":8},"end":{"line":76,"column":14}},"21":{"start":{"line":82,"column":4},"end":{"line":84,"column":9}},"22":{"start":{"line":83,"column":8},"end":{"line":83,"column":15}},"23":{"start":{"line":85,"column":4},"end":{"line":194,"column":5}},"24":{"start":{"line":91,"column":8},"end":{"line":99,"column":10}},"25":{"start":{"line":98,"column":12},"end":{"line":98,"column":35}},"26":{"start":{"line":102,"column":8},"end":{"line":104,"column":63}},"27":{"start":{"line":105,"column":8},"end":{"line":105,"column":14}},"28":{"start":{"line":112,"column":8},"end":{"line":121,"column":10},"skip":true},"29":{"start":{"line":119,"column":12},"end":{"line":119,"column":55},"skip":true},"30":{"start":{"line":120,"column":12},"end":{"line":120,"column":48},"skip":true},"31":{"start":{"line":123,"column":8},"end":{"line":136,"column":10},"skip":true},"32":{"start":{"line":130,"column":12},"end":{"line":130,"column":76},"skip":true},"33":{"start":{"line":131,"column":12},"end":{"line":131,"column":73},"skip":true},"34":{"start":{"line":132,"column":12},"end":{"line":132,"column":74},"skip":true},"35":{"start":{"line":133,"column":12},"end":{"line":133,"column":79},"skip":true},"36":{"start":{"line":134,"column":12},"end":{"line":134,"column":25},"skip":true},"37":{"start":{"line":135,"column":12},"end":{"line":135,"column":45},"skip":true},"38":{"start":{"line":138,"column":8},"end":{"line":145,"column":14},"skip":true},"39":{"start":{"line":143,"column":16},"end":{"line":143,"column":29},"skip":true},"40":{"start":{"line":144,"column":16},"end":{"line":144,"column":55},"skip":true},"41":{"start":{"line":147,"column":8},"end":{"line":156,"column":10},"skip":true},"42":{"start":{"line":154,"column":12},"end":{"line":154,"column":25},"skip":true},"43":{"start":{"line":155,"column":12},"end":{"line":155,"column":45},"skip":true},"44":{"start":{"line":158,"column":8},"end":{"line":167,"column":10},"skip":true},"45":{"start":{"line":165,"column":12},"end":{"line":165,"column":25},"skip":true},"46":{"start":{"line":166,"column":12},"end":{"line":166,"column":48},"skip":true},"47":{"start":{"line":169,"column":8},"end":{"line":178,"column":10},"skip":true},"48":{"start":{"line":176,"column":12},"end":{"line":176,"column":25},"skip":true},"49":{"start":{"line":177,"column":12},"end":{"line":177,"column":46},"skip":true},"50":{"start":{"line":180,"column":8},"end":{"line":189,"column":10},"skip":true},"51":{"start":{"line":187,"column":12},"end":{"line":187,"column":94},"skip":true},"52":{"start":{"line":188,"column":12},"end":{"line":188,"column":48},"skip":true},"53":{"start":{"line":192,"column":8},"end":{"line":192,"column":35},"skip":true},"54":{"start":{"line":193,"column":8},"end":{"line":193,"column":14},"skip":true}},"branchMap":{"1":{"line":25,"type":"binary-expr","locations":[{"start":{"line":25,"column":23},"end":{"line":25,"column":62}},{"start":{"line":26,"column":20},"end":{"line":26,"column":70}},{"start":{"line":27,"column":20},"end":{"line":27,"column":71}},{"start":{"line":28,"column":20},"end":{"line":28,"column":29}}]},"2":{"line":30,"type":"binary-expr","locations":[{"start":{"line":30,"column":23},"end":{"line":30,"column":37}},{"start":{"line":31,"column":20},"end":{"line":31,"column":61}},{"start":{"line":32,"column":20},"end":{"line":32,"column":70}},{"start":{"line":33,"column":20},"end":{"line":33,"column":26}}]},"3":{"line":37,"type":"cond-expr","locations":[{"start":{"line":38,"column":14},"end":{"line":38,"column":20}},{"start":{"line":39,"column":14},"end":{"line":39,"column":20}}]},"4":{"line":40,"type":"switch","locations":[{"start":{"line":42,"column":8},"end":{"line":47,"column":18}},{"start":{"line":49,"column":8},"end":{"line":52,"column":18}}]},"5":{"line":44,"type":"binary-expr","locations":[{"start":{"line":44,"column":16},"end":{"line":44,"column":44}},{"start":{"line":44,"column":48},"end":{"line":44,"column":66}}]},"6":{"line":50,"type":"binary-expr","locations":[{"start":{"line":50,"column":21},"end":{"line":50,"column":49}},{"start":{"line":50,"column":53},"end":{"line":50,"column":72}}]},"7":{"line":64,"type":"switch","locations":[{"start":{"line":69,"column":4},"end":{"line":70,"column":14}},{"start":{"line":75,"column":4},"end":{"line":76,"column":14}}]},"8":{"line":85,"type":"switch","locations":[{"start":{"line":90,"column":4},"end":{"line":105,"column":14}},{"start":{"line":111,"column":4},"end":{"line":193,"column":14},"skip":true}]},"9":{"line":91,"type":"binary-expr","locations":[{"start":{"line":91,"column":42},"end":{"line":91,"column":73}},{"start":{"line":91,"column":77},"end":{"line":99,"column":9}}]},"10":{"line":102,"type":"binary-expr","locations":[{"start":{"line":102,"column":18},"end":{"line":102,"column":32}},{"start":{"line":103,"column":12},"end":{"line":103,"column":53}},{"start":{"line":104,"column":12},"end":{"line":104,"column":61}}]},"11":{"line":112,"type":"binary-expr","locations":[{"start":{"line":112,"column":45},"end":{"line":112,"column":79},"skip":true},{"start":{"line":112,"column":83},"end":{"line":121,"column":9},"skip":true}]},"12":{"line":123,"type":"binary-expr","locations":[{"start":{"line":123,"column":42},"end":{"line":123,"column":73},"skip":true},{"start":{"line":123,"column":77},"end":{"line":136,"column":9},"skip":true}]},"13":{"line":138,"type":"binary-expr","locations":[{"start":{"line":138,"column":48},"end":{"line":138,"column":85},"skip":true},{"start":{"line":139,"column":12},"end":{"line":145,"column":13},"skip":true}]},"14":{"line":147,"type":"binary-expr","locations":[{"start":{"line":147,"column":42},"end":{"line":147,"column":73},"skip":true},{"start":{"line":147,"column":77},"end":{"line":156,"column":9},"skip":true}]},"15":{"line":158,"type":"binary-expr","locations":[{"start":{"line":158,"column":45},"end":{"line":158,"column":79},"skip":true},{"start":{"line":158,"column":83},"end":{"line":167,"column":9},"skip":true}]},"16":{"line":169,"type":"binary-expr","locations":[{"start":{"line":169,"column":43},"end":{"line":169,"column":75},"skip":true},{"start":{"line":169,"column":79},"end":{"line":178,"column":9},"skip":true}]},"17":{"line":180,"type":"binary-expr","locations":[{"start":{"line":180,"column":41},"end":{"line":180,"column":71},"skip":true},{"start":{"line":180,"column":75},"end":{"line":189,"column":9},"skip":true}]}},"code":["/* istanbul instrument in package npmtest_claudia_bot_builder */","/*jslint","    bitwise: true,","    browser: true,","    maxerr: 8,","    maxlen: 96,","    node: true,","    nomen: true,","    regexp: true,","    stupid: true","*/","(function () {","    'use strict';","    var local;","","","","    // run shared js-env code - pre-init","    (function () {","        // init local","        local = {};","        // init modeJs","        local.modeJs = (function () {","            try {","                return typeof navigator.userAgent === 'string' &&","                    typeof document.querySelector('body') === 'object' &&","                    typeof XMLHttpRequest.prototype.open === 'function' &&","                    'browser';","            } catch (errorCaughtBrowser) {","                return module.exports &&","                    typeof process.versions.node === 'string' &&","                    typeof require('http').createServer === 'function' &&","                    'node';","            }","        }());","        // init global","        local.global = local.modeJs === 'browser'","            ? window","            : global;","        switch (local.modeJs) {","        // re-init local from window.local","        case 'browser':","            local = local.global.utility2.objectSetDefault(","                local.global.utility2_rollup || local.global.local,","                local.global.utility2","            );","            break;","        // re-init local from example.js","        case 'node':","            local = (local.global.utility2_rollup || require('utility2'))","                .requireExampleJsFromReadme();","            break;","        }","        // export local","        local.global.local = local;","    }());","","","","    // run shared js-env code - function","    (function () {","        return;","    }());","    switch (local.modeJs) {","","","","    // run browser js-env code - function","    case 'browser':","        break;","","","","    // run node js-env code - function","    case 'node':","        break;","    }","","","","    // run shared js-env code - post-init","    (function () {","        return;","    }());","    switch (local.modeJs) {","","","","    // run browser js-env code - post-init","    case 'browser':","        local.testCase_browser_nullCase = local.testCase_browser_nullCase || function (","            options,","            onError","        ) {","        /*","         * this function will test browsers's null-case handling-behavior-behavior","         */","            onError(null, options);","        };","","        // run tests","        local.nop(local.modeTest &&","            document.querySelector('#testRunButton1') &&","            document.querySelector('#testRunButton1').click());","        break;","","","","    // run node js-env code - post-init","    /* istanbul ignore next */","    case 'node':","        local.testCase_buildApidoc_default = local.testCase_buildApidoc_default || function (","            options,","            onError","        ) {","        /*","         * this function will test buildApidoc's default handling-behavior-behavior","         */","            options = { modulePathList: module.paths };","            local.buildApidoc(options, onError);","        };","","        local.testCase_buildApp_default = local.testCase_buildApp_default || function (","            options,","            onError","        ) {","        /*","         * this function will test buildApp's default handling-behavior-behavior","         */","            local.testCase_buildReadme_default(options, local.onErrorThrow);","            local.testCase_buildLib_default(options, local.onErrorThrow);","            local.testCase_buildTest_default(options, local.onErrorThrow);","            local.testCase_buildCustomOrg_default(options, local.onErrorThrow);","            options = [];","            local.buildApp(options, onError);","        };","","        local.testCase_buildCustomOrg_default = local.testCase_buildCustomOrg_default ||","            function (options, onError) {","            /*","             * this function will test buildCustomOrg's default handling-behavior","             */","                options = {};","                local.buildCustomOrg(options, onError);","            };","","        local.testCase_buildLib_default = local.testCase_buildLib_default || function (","            options,","            onError","        ) {","        /*","         * this function will test buildLib's default handling-behavior","         */","            options = {};","            local.buildLib(options, onError);","        };","","        local.testCase_buildReadme_default = local.testCase_buildReadme_default || function (","            options,","            onError","        ) {","        /*","         * this function will test buildReadme's default handling-behavior-behavior","         */","            options = {};","            local.buildReadme(options, onError);","        };","","        local.testCase_buildTest_default = local.testCase_buildTest_default || function (","            options,","            onError","        ) {","        /*","         * this function will test buildTest's default handling-behavior","         */","            options = {};","            local.buildTest(options, onError);","        };","","        local.testCase_webpage_default = local.testCase_webpage_default || function (","            options,","            onError","        ) {","        /*","         * this function will test webpage's default handling-behavior","         */","            options = { modeCoverageMerge: true, url: local.serverLocalHost + '?modeTest=1' };","            local.browserTest(options, onError);","        };","","        // run test-server","        local.testRunServer(local);","        break;","    }","}());",""],"l":{"12":2,"14":2,"19":2,"21":2,"23":2,"24":2,"25":2,"30":1,"37":2,"40":2,"43":1,"47":1,"50":1,"52":1,"55":2,"61":2,"62":2,"64":2,"70":1,"76":1,"82":2,"83":2,"85":2,"91":1,"98":1,"102":1,"105":1,"112":1,"119":1,"120":1,"123":1,"130":1,"131":1,"132":1,"133":1,"134":1,"135":1,"138":1,"143":2,"144":2,"147":1,"154":2,"155":2,"158":1,"165":2,"166":2,"169":1,"176":2,"177":2,"180":1,"187":1,"188":1,"192":1,"193":1}},"/home/travis/build/npmtest/node-npmtest-claudia-bot-builder/lib.npmtest_claudia_bot_builder.js":{"path":"/home/travis/build/npmtest/node-npmtest-claudia-bot-builder/lib.npmtest_claudia_bot_builder.js","s":{"1":2,"2":2,"3":2,"4":2,"5":2,"6":2,"7":2,"8":1,"9":2,"10":2,"11":2,"12":2,"13":1,"14":1,"15":1,"16":1},"b":{"1":[2,1,1,1],"2":[1,1,1,1],"3":[1,1],"4":[2,2],"5":[1,1]},"f":{"1":2,"2":2,"3":2},"fnMap":{"1":{"name":"(anonymous_1)","line":12,"loc":{"start":{"line":12,"column":1},"end":{"line":12,"column":13}}},"2":{"name":"(anonymous_2)","line":19,"loc":{"start":{"line":19,"column":5},"end":{"line":19,"column":17}}},"3":{"name":"(anonymous_3)","line":23,"loc":{"start":{"line":23,"column":24},"end":{"line":23,"column":36}}}},"statementMap":{"1":{"start":{"line":12,"column":0},"end":{"line":53,"column":5}},"2":{"start":{"line":14,"column":4},"end":{"line":14,"column":14}},"3":{"start":{"line":19,"column":4},"end":{"line":52,"column":9}},"4":{"start":{"line":21,"column":8},"end":{"line":21,"column":19}},"5":{"start":{"line":23,"column":8},"end":{"line":35,"column":13}},"6":{"start":{"line":24,"column":12},"end":{"line":34,"column":13}},"7":{"start":{"line":25,"column":16},"end":{"line":28,"column":30}},"8":{"start":{"line":30,"column":16},"end":{"line":33,"column":27}},"9":{"start":{"line":37,"column":8},"end":{"line":39,"column":21}},"10":{"start":{"line":41,"column":8},"end":{"line":41,"column":54}},"11":{"start":{"line":43,"column":8},"end":{"line":43,"column":64}},"12":{"start":{"line":45,"column":8},"end":{"line":51,"column":9}},"13":{"start":{"line":46,"column":12},"end":{"line":46,"column":70}},"14":{"start":{"line":48,"column":12},"end":{"line":48,"column":35}},"15":{"start":{"line":49,"column":12},"end":{"line":49,"column":49}},"16":{"start":{"line":50,"column":12},"end":{"line":50,"column":43}}},"branchMap":{"1":{"line":25,"type":"binary-expr","locations":[{"start":{"line":25,"column":23},"end":{"line":25,"column":62}},{"start":{"line":26,"column":20},"end":{"line":26,"column":70}},{"start":{"line":27,"column":20},"end":{"line":27,"column":71}},{"start":{"line":28,"column":20},"end":{"line":28,"column":29}}]},"2":{"line":30,"type":"binary-expr","locations":[{"start":{"line":30,"column":23},"end":{"line":30,"column":37}},{"start":{"line":31,"column":20},"end":{"line":31,"column":61}},{"start":{"line":32,"column":20},"end":{"line":32,"column":70}},{"start":{"line":33,"column":20},"end":{"line":33,"column":26}}]},"3":{"line":37,"type":"cond-expr","locations":[{"start":{"line":38,"column":14},"end":{"line":38,"column":20}},{"start":{"line":39,"column":14},"end":{"line":39,"column":20}}]},"4":{"line":41,"type":"binary-expr","locations":[{"start":{"line":41,"column":16},"end":{"line":41,"column":44}},{"start":{"line":41,"column":48},"end":{"line":41,"column":53}}]},"5":{"line":45,"type":"if","locations":[{"start":{"line":45,"column":8},"end":{"line":45,"column":8}},{"start":{"line":45,"column":8},"end":{"line":45,"column":8}}]}},"code":["/* istanbul instrument in package npmtest_claudia_bot_builder */","/*jslint","    bitwise: true,","    browser: true,","    maxerr: 8,","    maxlen: 96,","    node: true,","    nomen: true,","    regexp: true,","    stupid: true","*/","(function () {","    'use strict';","    var local;","","","","    // run shared js-env code - pre-init","    (function () {","        // init local","        local = {};","        // init modeJs","        local.modeJs = (function () {","            try {","                return typeof navigator.userAgent === 'string' &&","                    typeof document.querySelector('body') === 'object' &&","                    typeof XMLHttpRequest.prototype.open === 'function' &&","                    'browser';","            } catch (errorCaughtBrowser) {","                return module.exports &&","                    typeof process.versions.node === 'string' &&","                    typeof require('http').createServer === 'function' &&","                    'node';","            }","        }());","        // init global","        local.global = local.modeJs === 'browser'","            ? window","            : global;","        // init utility2_rollup","        local = local.global.utility2_rollup || local;","        // init lib","        local.local = local.npmtest_claudia_bot_builder = local;","        // init exports","        if (local.modeJs === 'browser') {","            local.global.utility2_npmtest_claudia_bot_builder = local;","        } else {","            module.exports = local;","            module.exports.__dirname = __dirname;","            module.exports.module = module;","        }","    }());","}());",""],"l":{"12":2,"14":2,"19":2,"21":2,"23":2,"24":2,"25":2,"30":1,"37":2,"41":2,"43":2,"45":2,"46":1,"48":1,"49":1,"50":1}},"/home/travis/build/npmtest/node-npmtest-claudia-bot-builder/example.js":{"path":"/home/travis/build/npmtest/node-npmtest-claudia-bot-builder/example.js","s":{"1":2,"2":2,"3":2,"4":2,"5":2,"6":2,"7":2,"8":1,"9":2,"10":2,"11":2,"12":2,"13":1,"14":2,"15":2,"16":2,"17":2,"18":2,"19":0,"20":2,"21":1,"22":1,"23":1,"24":1,"25":1,"26":0,"27":0,"28":1,"29":1,"30":2,"31":0,"32":0,"33":0,"34":1,"35":2,"36":2,"37":3,"38":3,"39":3,"40":3,"41":0,"42":3,"43":3,"44":3,"45":1,"46":3,"47":1,"48":1,"49":1,"50":1,"51":1,"52":1,"53":1,"54":1,"55":1,"56":1,"57":0,"58":1,"59":6,"60":6,"61":1,"62":2,"63":0,"64":2,"65":1,"66":1,"67":0,"68":0,"69":0,"70":0,"71":0,"72":0,"73":0,"74":0,"75":0,"76":0,"77":0,"78":0,"79":0,"80":0,"81":0,"82":0,"83":0},"b":{"1":[2,1,1,1],"2":[1,1,1,1],"3":[1,1],"4":[2,2],"5":[1,1],"6":[1,1],"7":[2,0],"8":[2,1,1,1,1,1],"9":[0,2,0],"10":[1,1],"11":[2,1,1],"12":[1,0],"13":[0,2],"14":[2,0,0,0,0,0,0],"15":[0,3],"16":[3,0],"17":[1,1],"18":[0,1],"19":[1,2,0,2],"20":[1,0],"21":[1,1],"22":[0,0],"23":[0,0],"24":[0,0],"25":[0,0],"26":[0,0],"27":[0,0],"28":[0,0]},"f":{"1":2,"2":2,"3":2,"4":2,"5":2,"6":2,"7":3,"8":3,"9":3,"10":1,"11":6,"12":0},"fnMap":{"1":{"name":"(anonymous_1)","line":26,"loc":{"start":{"line":26,"column":1},"end":{"line":26,"column":13}}},"2":{"name":"(anonymous_2)","line":33,"loc":{"start":{"line":33,"column":5},"end":{"line":33,"column":17}}},"3":{"name":"(anonymous_3)","line":37,"loc":{"start":{"line":37,"column":24},"end":{"line":37,"column":36}}},"4":{"name":"(anonymous_4)","line":69,"loc":{"start":{"line":69,"column":31},"end":{"line":69,"column":48}},"skip":true},"5":{"name":"(anonymous_5)","line":78,"loc":{"start":{"line":78,"column":26},"end":{"line":78,"column":45}},"skip":true},"6":{"name":"(anonymous_6)","line":123,"loc":{"start":{"line":123,"column":33},"end":{"line":123,"column":48}},"skip":true},"7":{"name":"(anonymous_7)","line":125,"loc":{"start":{"line":125,"column":27},"end":{"line":125,"column":39}},"skip":true},"8":{"name":"(anonymous_8)","line":133,"loc":{"start":{"line":133,"column":59},"end":{"line":133,"column":74}},"skip":true},"9":{"name":"(anonymous_9)","line":143,"loc":{"start":{"line":143,"column":45},"end":{"line":143,"column":62}},"skip":true},"10":{"name":"(anonymous_10)","line":144,"loc":{"start":{"line":144,"column":73},"end":{"line":144,"column":92}},"skip":true},"11":{"name":"(anonymous_11)","line":272,"loc":{"start":{"line":272,"column":51},"end":{"line":272,"column":77}},"skip":true},"12":{"name":"(anonymous_12)","line":315,"loc":{"start":{"line":315,"column":32},"end":{"line":315,"column":61}},"skip":true}},"statementMap":{"1":{"start":{"line":26,"column":0},"end":{"line":326,"column":5}},"2":{"start":{"line":28,"column":4},"end":{"line":28,"column":14}},"3":{"start":{"line":33,"column":4},"end":{"line":60,"column":9}},"4":{"start":{"line":35,"column":8},"end":{"line":35,"column":19}},"5":{"start":{"line":37,"column":8},"end":{"line":49,"column":13}},"6":{"start":{"line":38,"column":12},"end":{"line":48,"column":13}},"7":{"start":{"line":39,"column":16},"end":{"line":42,"column":30}},"8":{"start":{"line":44,"column":16},"end":{"line":47,"column":27}},"9":{"start":{"line":51,"column":8},"end":{"line":53,"column":21}},"10":{"start":{"line":55,"column":8},"end":{"line":57,"column":45}},"11":{"start":{"line":59,"column":8},"end":{"line":59,"column":35}},"12":{"start":{"line":61,"column":4},"end":{"line":325,"column":5}},"13":{"start":{"line":69,"column":8},"end":{"line":121,"column":10},"skip":true},"14":{"start":{"line":70,"column":12},"end":{"line":88,"column":13},"skip":true},"15":{"start":{"line":76,"column":16},"end":{"line":87,"column":19},"skip":true},"16":{"start":{"line":79,"column":20},"end":{"line":86,"column":21},"skip":true},"17":{"start":{"line":82,"column":24},"end":{"line":82,"column":43},"skip":true},"18":{"start":{"line":83,"column":24},"end":{"line":83,"column":30},"skip":true},"19":{"start":{"line":85,"column":24},"end":{"line":85,"column":49},"skip":true},"20":{"start":{"line":89,"column":12},"end":{"line":107,"column":13},"skip":true},"21":{"start":{"line":92,"column":16},"end":{"line":102,"column":17},"skip":true},"22":{"start":{"line":93,"column":20},"end":{"line":93,"column":86},"skip":true},"23":{"start":{"line":94,"column":20},"end":{"line":95,"column":45},"skip":true},"24":{"start":{"line":96,"column":20},"end":{"line":96,"column":42},"skip":true},"25":{"start":{"line":97,"column":20},"end":{"line":97,"column":48},"skip":true},"26":{"start":{"line":100,"column":20},"end":{"line":100,"column":85},"skip":true},"27":{"start":{"line":101,"column":20},"end":{"line":101,"column":96},"skip":true},"28":{"start":{"line":103,"column":16},"end":{"line":103,"column":22},"skip":true},"29":{"start":{"line":106,"column":16},"end":{"line":106,"column":22},"skip":true},"30":{"start":{"line":108,"column":12},"end":{"line":120,"column":13},"skip":true},"31":{"start":{"line":114,"column":16},"end":{"line":119,"column":17},"skip":true},"32":{"start":{"line":116,"column":20},"end":{"line":116,"column":78},"skip":true},"33":{"start":{"line":118,"column":20},"end":{"line":118,"column":47},"skip":true},"34":{"start":{"line":123,"column":8},"end":{"line":141,"column":11},"skip":true},"35":{"start":{"line":124,"column":12},"end":{"line":124,"column":54},"skip":true},"36":{"start":{"line":125,"column":12},"end":{"line":140,"column":14},"skip":true},"37":{"start":{"line":126,"column":16},"end":{"line":126,"column":28},"skip":true},"38":{"start":{"line":127,"column":16},"end":{"line":127,"column":69},"skip":true},"39":{"start":{"line":128,"column":16},"end":{"line":128,"column":75},"skip":true},"40":{"start":{"line":129,"column":16},"end":{"line":131,"column":17},"skip":true},"41":{"start":{"line":130,"column":20},"end":{"line":130,"column":27},"skip":true},"42":{"start":{"line":133,"column":16},"end":{"line":137,"column":36},"skip":true},"43":{"start":{"line":134,"column":20},"end":{"line":136,"column":55},"skip":true},"44":{"start":{"line":139,"column":16},"end":{"line":139,"column":57},"skip":true},"45":{"start":{"line":143,"column":8},"end":{"line":147,"column":11},"skip":true},"46":{"start":{"line":144,"column":12},"end":{"line":146,"column":15},"skip":true},"47":{"start":{"line":145,"column":16},"end":{"line":145,"column":70},"skip":true},"48":{"start":{"line":149,"column":8},"end":{"line":149,"column":31},"skip":true},"49":{"start":{"line":150,"column":8},"end":{"line":150,"column":14},"skip":true},"50":{"start":{"line":158,"column":8},"end":{"line":158,"column":31},"skip":true},"51":{"start":{"line":160,"column":8},"end":{"line":160,"column":33},"skip":true},"52":{"start":{"line":161,"column":8},"end":{"line":161,"column":37},"skip":true},"53":{"start":{"line":162,"column":8},"end":{"line":162,"column":35},"skip":true},"54":{"start":{"line":164,"column":8},"end":{"line":164,"column":50},"skip":true},"55":{"start":{"line":166,"column":8},"end":{"line":256,"column":2},"skip":true},"56":{"start":{"line":258,"column":8},"end":{"line":286,"column":9},"skip":true},"57":{"start":{"line":259,"column":12},"end":{"line":269,"column":14},"skip":true},"58":{"start":{"line":271,"column":12},"end":{"line":285,"column":19},"skip":true},"59":{"start":{"line":274,"column":20},"end":{"line":274,"column":35},"skip":true},"60":{"start":{"line":275,"column":20},"end":{"line":284,"column":21},"skip":true},"61":{"start":{"line":277,"column":24},"end":{"line":277,"column":64},"skip":true},"62":{"start":{"line":279,"column":24},"end":{"line":279,"column":40},"skip":true},"63":{"start":{"line":281,"column":24},"end":{"line":281,"column":40},"skip":true},"64":{"start":{"line":283,"column":24},"end":{"line":283,"column":39},"skip":true},"65":{"start":{"line":288,"column":8},"end":{"line":290,"column":9},"skip":true},"66":{"start":{"line":289,"column":12},"end":{"line":289,"column":18},"skip":true},"67":{"start":{"line":291,"column":8},"end":{"line":293,"column":54},"skip":true},"68":{"start":{"line":296,"column":8},"end":{"line":301,"column":37},"skip":true},"69":{"start":{"line":303,"column":8},"end":{"line":303,"column":82},"skip":true},"70":{"start":{"line":306,"column":8},"end":{"line":308,"column":9},"skip":true},"71":{"start":{"line":307,"column":12},"end":{"line":307,"column":82},"skip":true},"72":{"start":{"line":310,"column":8},"end":{"line":312,"column":9},"skip":true},"73":{"start":{"line":311,"column":12},"end":{"line":311,"column":18},"skip":true},"74":{"start":{"line":313,"column":8},"end":{"line":313,"column":54},"skip":true},"75":{"start":{"line":314,"column":8},"end":{"line":314,"column":69},"skip":true},"76":{"start":{"line":315,"column":8},"end":{"line":323,"column":36},"skip":true},"77":{"start":{"line":316,"column":12},"end":{"line":316,"column":61},"skip":true},"78":{"start":{"line":317,"column":12},"end":{"line":320,"column":13},"skip":true},"79":{"start":{"line":318,"column":16},"end":{"line":318,"column":75},"skip":true},"80":{"start":{"line":319,"column":16},"end":{"line":319,"column":23},"skip":true},"81":{"start":{"line":321,"column":12},"end":{"line":321,"column":38},"skip":true},"82":{"start":{"line":322,"column":12},"end":{"line":322,"column":27},"skip":true},"83":{"start":{"line":324,"column":8},"end":{"line":324,"column":14},"skip":true}},"branchMap":{"1":{"line":39,"type":"binary-expr","locations":[{"start":{"line":39,"column":23},"end":{"line":39,"column":62}},{"start":{"line":40,"column":20},"end":{"line":40,"column":70}},{"start":{"line":41,"column":20},"end":{"line":41,"column":71}},{"start":{"line":42,"column":20},"end":{"line":42,"column":29}}]},"2":{"line":44,"type":"binary-expr","locations":[{"start":{"line":44,"column":23},"end":{"line":44,"column":37}},{"start":{"line":45,"column":20},"end":{"line":45,"column":61}},{"start":{"line":46,"column":20},"end":{"line":46,"column":70}},{"start":{"line":47,"column":20},"end":{"line":47,"column":26}}]},"3":{"line":51,"type":"cond-expr","locations":[{"start":{"line":52,"column":14},"end":{"line":52,"column":20}},{"start":{"line":53,"column":14},"end":{"line":53,"column":20}}]},"4":{"line":55,"type":"binary-expr","locations":[{"start":{"line":55,"column":16},"end":{"line":55,"column":44}},{"start":{"line":55,"column":49},"end":{"line":57,"column":43}}]},"5":{"line":55,"type":"cond-expr","locations":[{"start":{"line":56,"column":14},"end":{"line":56,"column":63}},{"start":{"line":57,"column":14},"end":{"line":57,"column":43}}]},"6":{"line":61,"type":"switch","locations":[{"start":{"line":68,"column":4},"end":{"line":150,"column":14},"skip":true},{"start":{"line":156,"column":4},"end":{"line":324,"column":14},"skip":true}]},"7":{"line":70,"type":"if","locations":[{"start":{"line":70,"column":12},"end":{"line":70,"column":12},"skip":true},{"start":{"line":70,"column":12},"end":{"line":70,"column":12},"skip":true}]},"8":{"line":70,"type":"binary-expr","locations":[{"start":{"line":70,"column":16},"end":{"line":70,"column":22},"skip":true},{"start":{"line":70,"column":27},"end":{"line":70,"column":32},"skip":true},{"start":{"line":71,"column":20},"end":{"line":71,"column":39},"skip":true},{"start":{"line":72,"column":20},"end":{"line":72,"column":49},"skip":true},{"start":{"line":73,"column":20},"end":{"line":73,"column":58},"skip":true},{"start":{"line":74,"column":20},"end":{"line":74,"column":69},"skip":true}]},"9":{"line":79,"type":"switch","locations":[{"start":{"line":80,"column":20},"end":{"line":80,"column":33},"skip":true},{"start":{"line":81,"column":20},"end":{"line":83,"column":30},"skip":true},{"start":{"line":84,"column":20},"end":{"line":85,"column":49},"skip":true}]},"10":{"line":89,"type":"switch","locations":[{"start":{"line":90,"column":12},"end":{"line":103,"column":22},"skip":true},{"start":{"line":105,"column":12},"end":{"line":106,"column":22},"skip":true}]},"11":{"line":89,"type":"binary-expr","locations":[{"start":{"line":89,"column":20},"end":{"line":89,"column":25},"skip":true},{"start":{"line":89,"column":29},"end":{"line":89,"column":48},"skip":true},{"start":{"line":89,"column":52},"end":{"line":89,"column":74},"skip":true}]},"12":{"line":92,"type":"if","locations":[{"start":{"line":92,"column":16},"end":{"line":92,"column":16},"skip":true},{"start":{"line":92,"column":16},"end":{"line":92,"column":16},"skip":true}]},"13":{"line":108,"type":"if","locations":[{"start":{"line":108,"column":12},"end":{"line":108,"column":12},"skip":true},{"start":{"line":108,"column":12},"end":{"line":108,"column":12},"skip":true}]},"14":{"line":108,"type":"binary-expr","locations":[{"start":{"line":108,"column":16},"end":{"line":108,"column":61},"skip":true},{"start":{"line":108,"column":66},"end":{"line":108,"column":72},"skip":true},{"start":{"line":108,"column":77},"end":{"line":108,"column":82},"skip":true},{"start":{"line":109,"column":20},"end":{"line":109,"column":39},"skip":true},{"start":{"line":110,"column":20},"end":{"line":110,"column":49},"skip":true},{"start":{"line":111,"column":20},"end":{"line":111,"column":58},"skip":true},{"start":{"line":112,"column":20},"end":{"line":112,"column":68},"skip":true}]},"15":{"line":129,"type":"if","locations":[{"start":{"line":129,"column":16},"end":{"line":129,"column":16},"skip":true},{"start":{"line":129,"column":16},"end":{"line":129,"column":16},"skip":true}]},"16":{"line":134,"type":"cond-expr","locations":[{"start":{"line":135,"column":26},"end":{"line":135,"column":29},"skip":true},{"start":{"line":136,"column":26},"end":{"line":136,"column":54},"skip":true}]},"17":{"line":164,"type":"binary-expr","locations":[{"start":{"line":164,"column":27},"end":{"line":164,"column":43},"skip":true},{"start":{"line":164,"column":47},"end":{"line":164,"column":49},"skip":true}]},"18":{"line":258,"type":"if","locations":[{"start":{"line":258,"column":8},"end":{"line":258,"column":8},"skip":true},{"start":{"line":258,"column":8},"end":{"line":258,"column":8},"skip":true}]},"19":{"line":275,"type":"switch","locations":[{"start":{"line":276,"column":20},"end":{"line":277,"column":64},"skip":true},{"start":{"line":278,"column":20},"end":{"line":279,"column":40},"skip":true},{"start":{"line":280,"column":20},"end":{"line":281,"column":40},"skip":true},{"start":{"line":282,"column":20},"end":{"line":283,"column":39},"skip":true}]},"20":{"line":288,"type":"if","locations":[{"start":{"line":288,"column":8},"end":{"line":288,"column":8},"skip":true},{"start":{"line":288,"column":8},"end":{"line":288,"column":8},"skip":true}]},"21":{"line":288,"type":"binary-expr","locations":[{"start":{"line":288,"column":12},"end":{"line":288,"column":40},"skip":true},{"start":{"line":288,"column":44},"end":{"line":288,"column":67},"skip":true}]},"22":{"line":292,"type":"binary-expr","locations":[{"start":{"line":292,"column":12},"end":{"line":292,"column":50},"skip":true},{"start":{"line":293,"column":12},"end":{"line":293,"column":53},"skip":true}]},"23":{"line":297,"type":"binary-expr","locations":[{"start":{"line":297,"column":12},"end":{"line":297,"column":77},"skip":true},{"start":{"line":298,"column":12},"end":{"line":301,"column":36},"skip":true}]},"24":{"line":303,"type":"binary-expr","locations":[{"start":{"line":303,"column":43},"end":{"line":303,"column":75},"skip":true},{"start":{"line":303,"column":79},"end":{"line":303,"column":81},"skip":true}]},"25":{"line":306,"type":"if","locations":[{"start":{"line":306,"column":8},"end":{"line":306,"column":8},"skip":true},{"start":{"line":306,"column":8},"end":{"line":306,"column":8},"skip":true}]},"26":{"line":310,"type":"if","locations":[{"start":{"line":310,"column":8},"end":{"line":310,"column":8},"skip":true},{"start":{"line":310,"column":8},"end":{"line":310,"column":8},"skip":true}]},"27":{"line":313,"type":"binary-expr","locations":[{"start":{"line":313,"column":27},"end":{"line":313,"column":43},"skip":true},{"start":{"line":313,"column":47},"end":{"line":313,"column":53},"skip":true}]},"28":{"line":317,"type":"if","locations":[{"start":{"line":317,"column":12},"end":{"line":317,"column":12},"skip":true},{"start":{"line":317,"column":12},"end":{"line":317,"column":12},"skip":true}]}},"code":["/*","example.js","","quickstart example","","instruction","    1. save this script as example.js","    2. run the shell command:","        $ npm install npmtest-claudia-bot-builder && PORT=8081 node example.js","    3. play with the browser-demo on http://127.0.0.1:8081","*/","","","","/* istanbul instrument in package npmtest_claudia_bot_builder */","/*jslint","    bitwise: true,","    browser: true,","    maxerr: 8,","    maxlen: 96,","    node: true,","    nomen: true,","    regexp: true,","    stupid: true","*/","(function () {","    'use strict';","    var local;","","","","    // run shared js-env code - pre-init","    (function () {","        // init local","        local = {};","        // init modeJs","        local.modeJs = (function () {","            try {","                return typeof navigator.userAgent === 'string' &&","                    typeof document.querySelector('body') === 'object' &&","                    typeof XMLHttpRequest.prototype.open === 'function' &&","                    'browser';","            } catch (errorCaughtBrowser) {","                return module.exports &&","                    typeof process.versions.node === 'string' &&","                    typeof require('http').createServer === 'function' &&","                    'node';","            }","        }());","        // init global","        local.global = local.modeJs === 'browser'","            ? window","            : global;","        // init utility2_rollup","        local = local.global.utility2_rollup || (local.modeJs === 'browser'","            ? local.global.utility2_npmtest_claudia_bot_builder","            : global.utility2_moduleExports);","        // export local","        local.global.local = local;","    }());","    switch (local.modeJs) {","","","","    // post-init","    // run browser js-env code - post-init","    /* istanbul ignore next */","    case 'browser':","        local.testRunBrowser = function (event) {","            if (!event || (event &&","                    event.currentTarget &&","                    event.currentTarget.className &&","                    event.currentTarget.className.includes &&","                    event.currentTarget.className.includes('onreset'))) {","                // reset output","                Array.from(","                    document.querySelectorAll('body > .resettable')","                ).forEach(function (element) {","                    switch (element.tagName) {","                    case 'INPUT':","                    case 'TEXTAREA':","                        element.value = '';","                        break;","                    default:","                        element.textContent = '';","                    }","                });","            }","            switch (event && event.currentTarget && event.currentTarget.id) {","            case 'testRunButton1':","                // show tests","                if (document.querySelector('#testReportDiv1').style.display === 'none') {","                    document.querySelector('#testReportDiv1').style.display = 'block';","                    document.querySelector('#testRunButton1').textContent =","                        'hide internal test';","                    local.modeTest = true;","                    local.testRunDefault(local);","                // hide tests","                } else {","                    document.querySelector('#testReportDiv1').style.display = 'none';","                    document.querySelector('#testRunButton1').textContent = 'run internal test';","                }","                break;","            // custom-case","            default:","                break;","            }","            if (document.querySelector('#inputTextareaEval1') && (!event || (event &&","                    event.currentTarget &&","                    event.currentTarget.className &&","                    event.currentTarget.className.includes &&","                    event.currentTarget.className.includes('oneval')))) {","                // try to eval input-code","                try {","                    /*jslint evil: true*/","                    eval(document.querySelector('#inputTextareaEval1').value);","                } catch (errorCaught) {","                    console.error(errorCaught);","                }","            }","        };","        // log stderr and stdout to #outputTextareaStdout1","        ['error', 'log'].forEach(function (key) {","            console[key + '_original'] = console[key];","            console[key] = function () {","                var element;","                console[key + '_original'].apply(console, arguments);","                element = document.querySelector('#outputTextareaStdout1');","                if (!element) {","                    return;","                }","                // append text to #outputTextareaStdout1","                element.value += Array.from(arguments).map(function (arg) {","                    return typeof arg === 'string'","                        ? arg","                        : JSON.stringify(arg, null, 4);","                }).join(' ') + '\\n';","                // scroll textarea to bottom","                element.scrollTop = element.scrollHeight;","            };","        });","        // init event-handling","        ['change', 'click', 'keyup'].forEach(function (event) {","            Array.from(document.querySelectorAll('.on' + event)).forEach(function (element) {","                element.addEventListener(event, local.testRunBrowser);","            });","        });","        // run tests","        local.testRunBrowser();","        break;","","","","    // run node js-env code - post-init","    /* istanbul ignore next */","    case 'node':","        // export local","        module.exports = local;","        // require modules","        local.fs = require('fs');","        local.http = require('http');","        local.url = require('url');","        // init assets","        local.assetsDict = local.assetsDict || {};","        /* jslint-ignore-begin */","        local.assetsDict['/assets.index.template.html'] = '\\","<!doctype html>\\n\\","<html lang=\"en\">\\n\\","<head>\\n\\","<meta charset=\"UTF-8\">\\n\\","<meta name=\"viewport\" content=\"width=device-width, initial-scale=1\">\\n\\","<title>{{env.npm_package_name}} (v{{env.npm_package_version}})</title>\\n\\","<style>\\n\\","/*csslint\\n\\","    box-sizing: false,\\n\\","    universal-selector: false\\n\\","*/\\n\\","* {\\n\\","    box-sizing: border-box;\\n\\","}\\n\\","body {\\n\\","    background: #dde;\\n\\","    font-family: Arial, Helvetica, sans-serif;\\n\\","    margin: 2rem;\\n\\","}\\n\\","body > * {\\n\\","    margin-bottom: 1rem;\\n\\","}\\n\\",".utility2FooterDiv {\\n\\","    margin-top: 20px;\\n\\","    text-align: center;\\n\\","}\\n\\","</style>\\n\\","<style>\\n\\","/*csslint\\n\\","*/\\n\\","textarea {\\n\\","    font-family: monospace;\\n\\","    height: 10rem;\\n\\","    width: 100%;\\n\\","}\\n\\","textarea[readonly] {\\n\\","    background: #ddd;\\n\\","}\\n\\","</style>\\n\\","</head>\\n\\","<body>\\n\\","<!-- utility2-comment\\n\\","<div id=\"ajaxProgressDiv1\" style=\"background: #d00; height: 2px; left: 0; margin: 0; padding: 0; position: fixed; top: 0; transition: background 0.5s, width 1.5s; width: 25%;\"></div>\\n\\","utility2-comment -->\\n\\","<h1>\\n\\","<!-- utility2-comment\\n\\","    <a\\n\\","        {{#if env.npm_package_homepage}}\\n\\","        href=\"{{env.npm_package_homepage}}\"\\n\\","        {{/if env.npm_package_homepage}}\\n\\","        target=\"_blank\"\\n\\","    >\\n\\","utility2-comment -->\\n\\","        {{env.npm_package_name}} (v{{env.npm_package_version}})\\n\\","<!-- utility2-comment\\n\\","    </a>\\n\\","utility2-comment -->\\n\\","</h1>\\n\\","<h3>{{env.npm_package_description}}</h3>\\n\\","<!-- utility2-comment\\n\\","<h4><a download href=\"assets.app.js\">download standalone app</a></h4>\\n\\","<button class=\"onclick onreset\" id=\"testRunButton1\">run internal test</button><br>\\n\\","<div id=\"testReportDiv1\" style=\"display: none;\"></div>\\n\\","utility2-comment -->\\n\\","\\n\\","\\n\\","\\n\\","<label>stderr and stdout</label>\\n\\","<textarea class=\"resettable\" id=\"outputTextareaStdout1\" readonly></textarea>\\n\\","<!-- utility2-comment\\n\\","{{#if isRollup}}\\n\\","<script src=\"assets.app.js\"></script>\\n\\","{{#unless isRollup}}\\n\\","utility2-comment -->\\n\\","<script src=\"assets.utility2.rollup.js\"></script>\\n\\","<script src=\"jsonp.utility2._stateInit?callback=window.utility2._stateInit\"></script>\\n\\","<script src=\"assets.npmtest_claudia_bot_builder.rollup.js\"></script>\\n\\","<script src=\"assets.example.js\"></script>\\n\\","<script src=\"assets.test.js\"></script>\\n\\","<!-- utility2-comment\\n\\","{{/if isRollup}}\\n\\","utility2-comment -->\\n\\","<div class=\"utility2FooterDiv\">\\n\\","    [ this app was created with\\n\\","    <a href=\"https://github.com/kaizhu256/node-utility2\" target=\"_blank\">utility2</a>\\n\\","    ]\\n\\","</div>\\n\\","</body>\\n\\","</html>\\n\\","';","        /* jslint-ignore-end */","        if (local.templateRender) {","            local.assetsDict['/'] = local.templateRender(","                local.assetsDict['/assets.index.template.html'],","                {","                    env: local.objectSetDefault(local.env, {","                        npm_package_description: 'the greatest app in the world!',","                        npm_package_name: 'my-app',","                        npm_package_nameAlias: 'my_app',","                        npm_package_version: '0.0.1'","                    })","                }","            );","        } else {","            local.assetsDict['/'] = local.assetsDict['/assets.index.template.html']","                .replace((/\\{\\{env\\.(\\w+?)\\}\\}/g), function (match0, match1) {","                    // jslint-hack","                    String(match0);","                    switch (match1) {","                    case 'npm_package_description':","                        return 'the greatest app in the world!';","                    case 'npm_package_name':","                        return 'my-app';","                    case 'npm_package_nameAlias':","                        return 'my_app';","                    case 'npm_package_version':","                        return '0.0.1';","                    }","                });","        }","        // run the cli","        if (local.global.utility2_rollup || module !== require.main) {","            break;","        }","        local.assetsDict['/assets.example.js'] =","            local.assetsDict['/assets.example.js'] ||","            local.fs.readFileSync(__filename, 'utf8');","        // bug-workaround - long $npm_package_buildCustomOrg","        /* jslint-ignore-begin */","        local.assetsDict['/assets.npmtest_claudia_bot_builder.rollup.js'] =","            local.assetsDict['/assets.npmtest_claudia_bot_builder.rollup.js'] ||","            local.fs.readFileSync(","                local.npmtest_claudia_bot_builder.__dirname + '/lib.npmtest_claudia_bot_builder.js',","                'utf8'","            ).replace((/^#!/), '//');","        /* jslint-ignore-end */","        local.assetsDict['/favicon.ico'] = local.assetsDict['/favicon.ico'] || '';","        // if $npm_config_timeout_exit exists,","        // then exit this process after $npm_config_timeout_exit ms","        if (Number(process.env.npm_config_timeout_exit)) {","            setTimeout(process.exit, Number(process.env.npm_config_timeout_exit));","        }","        // start server","        if (local.global.utility2_serverHttp1) {","            break;","        }","        process.env.PORT = process.env.PORT || '8081';","        console.error('server starting on port ' + process.env.PORT);","        local.http.createServer(function (request, response) {","            request.urlParsed = local.url.parse(request.url);","            if (local.assetsDict[request.urlParsed.pathname] !== undefined) {","                response.end(local.assetsDict[request.urlParsed.pathname]);","                return;","            }","            response.statusCode = 404;","            response.end();","        }).listen(process.env.PORT);","        break;","    }","}());",""],"l":{"26":2,"28":2,"33":2,"35":2,"37":2,"38":2,"39":2,"44":1,"51":2,"55":2,"59":2,"61":2,"69":1,"70":2,"76":2,"79":2,"82":2,"83":2,"85":1,"89":2,"92":1,"93":1,"94":1,"96":1,"97":1,"100":1,"101":1,"103":1,"106":1,"108":2,"114":1,"116":1,"118":1,"123":1,"124":2,"125":2,"126":3,"127":3,"128":3,"129":3,"130":1,"133":3,"134":3,"139":3,"143":1,"144":3,"145":1,"149":1,"150":1,"158":1,"160":1,"161":1,"162":1,"164":1,"166":1,"258":1,"259":1,"271":1,"274":6,"275":6,"277":1,"279":2,"281":1,"283":2,"288":1,"289":1,"291":1,"296":1,"303":1,"306":1,"307":1,"310":1,"311":1,"313":1,"314":1,"315":1,"316":1,"317":1,"318":1,"319":1,"321":1,"322":1,"324":1}},"/home/travis/build/npmtest/node-npmtest-claudia-bot-builder/node_modules/claudia-bot-builder/index.js":{"path":"/home/travis/build/npmtest/node-npmtest-claudia-bot-builder/node_modules/claudia-bot-builder/index.js","s":{"1":1},"b":{},"f":{},"fnMap":{},"statementMap":{"1":{"start":{"line":1,"column":0},"end":{"line":1,"column":46}}},"branchMap":{},"code":["module.exports = require('./lib/bot-builder');",""],"l":{"1":1}},"/home/travis/build/npmtest/node-npmtest-claudia-bot-builder/node_modules/claudia-bot-builder/lib/bot-builder.js":{"path":"/home/travis/build/npmtest/node-npmtest-claudia-bot-builder/node_modules/claudia-bot-builder/lib/bot-builder.js","s":{"1":1,"2":1,"3":1,"4":1,"5":1,"6":1,"7":1,"8":1,"9":1,"10":1,"11":1,"12":1,"13":1,"14":1,"15":1,"16":1,"17":1,"18":1,"19":1,"20":0,"21":1,"22":0,"23":0,"24":0,"25":0,"26":0,"27":0,"28":0,"29":0,"30":0,"31":0,"32":0,"33":0,"34":0,"35":0,"36":0,"37":0,"38":0,"39":0,"40":0,"41":0,"42":0,"43":0,"44":0,"45":0,"46":0,"47":0,"48":0,"49":0,"50":0,"51":1,"52":1,"53":1,"54":1,"55":1,"56":1,"57":1},"b":{"1":[0,0],"2":[0,0,0],"3":[0,0],"4":[0,0],"5":[0,0],"6":[0,0],"7":[0,0],"8":[0,0],"9":[0,0],"10":[0,0],"11":[0,0],"12":[0,0]},"f":{"1":0,"2":0,"3":0,"4":0},"fnMap":{"1":{"name":"(anonymous_1)","line":22,"loc":{"start":{"line":22,"column":15},"end":{"line":22,"column":30}}},"2":{"name":"botBuilder","line":26,"loc":{"start":{"line":26,"column":17},"end":{"line":26,"column":80}}},"3":{"name":"(anonymous_3)","line":30,"loc":{"start":{"line":30,"column":28},"end":{"line":30,"column":74}}},"4":{"name":"isEnabled","line":36,"loc":{"start":{"line":36,"column":18},"end":{"line":36,"column":47}}}},"statementMap":{"1":{"start":{"line":3,"column":0},"end":{"line":3,"column":50}},"2":{"start":{"line":4,"column":0},"end":{"line":4,"column":44}},"3":{"start":{"line":5,"column":0},"end":{"line":5,"column":44}},"4":{"start":{"line":6,"column":0},"end":{"line":6,"column":50}},"5":{"start":{"line":7,"column":0},"end":{"line":7,"column":44}},"6":{"start":{"line":8,"column":0},"end":{"line":8,"column":46}},"7":{"start":{"line":9,"column":0},"end":{"line":9,"column":40}},"8":{"start":{"line":10,"column":0},"end":{"line":10,"column":48}},"9":{"start":{"line":11,"column":0},"end":{"line":11,"column":42}},"10":{"start":{"line":12,"column":0},"end":{"line":12,"column":44}},"11":{"start":{"line":13,"column":0},"end":{"line":13,"column":44}},"12":{"start":{"line":14,"column":0},"end":{"line":14,"column":56}},"13":{"start":{"line":15,"column":0},"end":{"line":15,"column":56}},"14":{"start":{"line":16,"column":0},"end":{"line":16,"column":62}},"15":{"start":{"line":17,"column":0},"end":{"line":17,"column":56}},"16":{"start":{"line":18,"column":0},"end":{"line":18,"column":56}},"17":{"start":{"line":19,"column":0},"end":{"line":19,"column":55}},"18":{"start":{"line":20,"column":0},"end":{"line":20,"column":59}},"19":{"start":{"line":22,"column":0},"end":{"line":24,"column":2}},"20":{"start":{"line":23,"column":2},"end":{"line":23,"column":21}},"21":{"start":{"line":26,"column":0},"end":{"line":72,"column":2}},"22":{"start":{"line":27,"column":2},"end":{"line":27,"column":42}},"23":{"start":{"line":29,"column":2},"end":{"line":32,"column":6}},"24":{"start":{"line":31,"column":6},"end":{"line":31,"column":106}},"25":{"start":{"line":31,"column":54},"end":{"line":31,"column":104}},"26":{"start":{"line":34,"column":2},"end":{"line":34,"column":27}},"27":{"start":{"line":34,"column":21},"end":{"line":34,"column":25}},"28":{"start":{"line":36,"column":2},"end":{"line":38,"column":4}},"29":{"start":{"line":37,"column":4},"end":{"line":37,"column":86}},"30":{"start":{"line":40,"column":2},"end":{"line":42,"column":3}},"31":{"start":{"line":41,"column":4},"end":{"line":41,"column":50}},"32":{"start":{"line":43,"column":2},"end":{"line":45,"column":3}},"33":{"start":{"line":44,"column":4},"end":{"line":44,"column":53}},"34":{"start":{"line":46,"column":2},"end":{"line":48,"column":3}},"35":{"start":{"line":47,"column":4},"end":{"line":47,"column":56}},"36":{"start":{"line":49,"column":2},"end":{"line":51,"column":3}},"37":{"start":{"line":50,"column":4},"end":{"line":50,"column":53}},"38":{"start":{"line":52,"column":2},"end":{"line":54,"column":3}},"39":{"start":{"line":53,"column":4},"end":{"line":53,"column":54}},"40":{"start":{"line":55,"column":2},"end":{"line":57,"column":3}},"41":{"start":{"line":56,"column":4},"end":{"line":56,"column":51}},"42":{"start":{"line":58,"column":2},"end":{"line":60,"column":3}},"43":{"start":{"line":59,"column":4},"end":{"line":59,"column":55}},"44":{"start":{"line":61,"column":2},"end":{"line":63,"column":3}},"45":{"start":{"line":62,"column":4},"end":{"line":62,"column":52}},"46":{"start":{"line":64,"column":2},"end":{"line":66,"column":3}},"47":{"start":{"line":65,"column":4},"end":{"line":65,"column":53}},"48":{"start":{"line":67,"column":2},"end":{"line":69,"column":3}},"49":{"start":{"line":68,"column":4},"end":{"line":68,"column":53}},"50":{"start":{"line":71,"column":2},"end":{"line":71,"column":13}},"51":{"start":{"line":74,"column":0},"end":{"line":74,"column":39}},"52":{"start":{"line":75,"column":0},"end":{"line":75,"column":45}},"53":{"start":{"line":76,"column":0},"end":{"line":76,"column":51}},"54":{"start":{"line":77,"column":0},"end":{"line":77,"column":45}},"55":{"start":{"line":78,"column":0},"end":{"line":78,"column":45}},"56":{"start":{"line":79,"column":0},"end":{"line":79,"column":45}},"57":{"start":{"line":80,"column":0},"end":{"line":80,"column":53}}},"branchMap":{"1":{"line":27,"type":"binary-expr","locations":[{"start":{"line":27,"column":13},"end":{"line":27,"column":29}},{"start":{"line":27,"column":33},"end":{"line":27,"column":41}}]},"2":{"line":37,"type":"binary-expr","locations":[{"start":{"line":37,"column":11},"end":{"line":37,"column":19}},{"start":{"line":37,"column":23},"end":{"line":37,"column":41}},{"start":{"line":37,"column":45},"end":{"line":37,"column":85}}]},"3":{"line":40,"type":"if","locations":[{"start":{"line":40,"column":2},"end":{"line":40,"column":2}},{"start":{"line":40,"column":2},"end":{"line":40,"column":2}}]},"4":{"line":43,"type":"if","locations":[{"start":{"line":43,"column":2},"end":{"line":43,"column":2}},{"start":{"line":43,"column":2},"end":{"line":43,"column":2}}]},"5":{"line":46,"type":"if","locations":[{"start":{"line":46,"column":2},"end":{"line":46,"column":2}},{"start":{"line":46,"column":2},"end":{"line":46,"column":2}}]},"6":{"line":49,"type":"if","locations":[{"start":{"line":49,"column":2},"end":{"line":49,"column":2}},{"start":{"line":49,"column":2},"end":{"line":49,"column":2}}]},"7":{"line":52,"type":"if","locations":[{"start":{"line":52,"column":2},"end":{"line":52,"column":2}},{"start":{"line":52,"column":2},"end":{"line":52,"column":2}}]},"8":{"line":55,"type":"if","locations":[{"start":{"line":55,"column":2},"end":{"line":55,"column":2}},{"start":{"line":55,"column":2},"end":{"line":55,"column":2}}]},"9":{"line":58,"type":"if","locations":[{"start":{"line":58,"column":2},"end":{"line":58,"column":2}},{"start":{"line":58,"column":2},"end":{"line":58,"column":2}}]},"10":{"line":61,"type":"if","locations":[{"start":{"line":61,"column":2},"end":{"line":61,"column":2}},{"start":{"line":61,"column":2},"end":{"line":61,"column":2}}]},"11":{"line":64,"type":"if","locations":[{"start":{"line":64,"column":2},"end":{"line":64,"column":2}},{"start":{"line":64,"column":2},"end":{"line":64,"column":2}}]},"12":{"line":67,"type":"if","locations":[{"start":{"line":67,"column":2},"end":{"line":67,"column":2}},{"start":{"line":67,"column":2},"end":{"line":67,"column":2}}]}},"code":["'use strict';","","const ApiBuilder = require('claudia-api-builder');","const fbSetup = require('./facebook/setup');","const slackSetup = require('./slack/setup');","const telegramSetup = require('./telegram/setup');","const skypeSetup = require('./skype/setup');","const twilioSetup = require('./twilio/setup');","const kikSetup = require('./kik/setup');","const groupmeSetup = require('./groupme/setup');","const lineSetup = require('./line/setup');","const viberSetup = require('./viber/setup');","const alexaSetup = require('./alexa/setup');","const fbTemplate = require('./facebook/format-message');","const slackTemplate = require('./slack/format-message');","const telegramTemplate = require('./telegram/format-message');","const viberTemplate = require('./viber/format-message');","const skypeTemplate = require('./skype/format-message');","const AlexaTemplate = require('alexa-message-builder');","const slackDelayedReply = require('./slack/delayed-reply');","","let logError = function (err) {","  console.error(err);","};","","module.exports = function botBuilder(messageHandler, options, optionalLogError) {","  logError = optionalLogError || logError;","","  const api = new ApiBuilder(),","    messageHandlerPromise = function (message, originalApiBuilderRequest) {","      return Promise.resolve(message).then(message => messageHandler(message, originalApiBuilderRequest));","    };","","  api.get('/', () => 'Ok');","","  let isEnabled = function isEnabled(platform) {","    return !options || !options.platforms || options.platforms.indexOf(platform) > -1;","  };","","  if (isEnabled('facebook')) {","    fbSetup(api, messageHandlerPromise, logError);","  }","  if (isEnabled('slackSlashCommand')) {","    slackSetup(api, messageHandlerPromise, logError);","  }","  if (isEnabled('telegram')) {","    telegramSetup(api, messageHandlerPromise, logError);","  }","  if (isEnabled('skype')) {","    skypeSetup(api, messageHandlerPromise, logError);","  }","  if (isEnabled('twilio')) {","    twilioSetup(api, messageHandlerPromise, logError);","  }","  if (isEnabled('kik')) {","    kikSetup(api, messageHandlerPromise, logError);","  }","  if (isEnabled('groupme')) {","    groupmeSetup(api, messageHandlerPromise, logError);","  }","  if (isEnabled('line')) {","    lineSetup(api, messageHandlerPromise, logError);","  }","  if (isEnabled('viber')) {","    viberSetup(api, messageHandlerPromise, logError);","  }","  if (isEnabled('alexa')) {","    alexaSetup(api, messageHandlerPromise, logError);","  }","","  return api;","};","","module.exports.fbTemplate = fbTemplate;","module.exports.slackTemplate = slackTemplate;","module.exports.telegramTemplate = telegramTemplate;","module.exports.viberTemplate = viberTemplate;","module.exports.skypeTemplate = skypeTemplate;","module.exports.AlexaTemplate = AlexaTemplate;","module.exports.slackDelayedReply = slackDelayedReply;",""],"l":{"3":1,"4":1,"5":1,"6":1,"7":1,"8":1,"9":1,"10":1,"11":1,"12":1,"13":1,"14":1,"15":1,"16":1,"17":1,"18":1,"19":1,"20":1,"22":1,"23":0,"26":1,"27":0,"29":0,"31":0,"34":0,"36":0,"37":0,"40":0,"41":0,"43":0,"44":0,"46":0,"47":0,"49":0,"50":0,"52":0,"53":0,"55":0,"56":0,"58":0,"59":0,"61":0,"62":0,"64":0,"65":0,"67":0,"68":0,"71":0,"74":1,"75":1,"76":1,"77":1,"78":1,"79":1,"80":1}},"/home/travis/build/npmtest/node-npmtest-claudia-bot-builder/node_modules/claudia-bot-builder/lib/facebook/setup.js":{"path":"/home/travis/build/npmtest/node-npmtest-claudia-bot-builder/node_modules/claudia-bot-builder/lib/facebook/setup.js","s":{"1":1,"2":1,"3":1,"4":1,"5":1,"6":1,"7":1,"8":1,"9":0,"10":0,"11":0,"12":0,"13":0,"14":0,"15":0,"16":0,"17":0,"18":0,"19":0,"20":0,"21":0,"22":0,"23":0,"24":0,"25":0,"26":0,"27":0,"28":0,"29":0,"30":0,"31":0,"32":0,"33":0,"34":0,"35":0,"36":0,"37":0,"38":0,"39":0,"40":0,"41":0,"42":0,"43":0,"44":0,"45":0,"46":0,"47":0,"48":0,"49":0,"50":0,"51":0,"52":0,"53":0},"b":{"1":[0,0],"2":[0,0],"3":[0,0],"4":[0,0],"5":[0,0],"6":[0,0],"7":[0,0],"8":[0,0],"9":[0,0],"10":[0,0],"11":[0,0]},"f":{"1":0},"fnMap":{"1":{"name":"fbSetup","line":11,"loc":{"start":{"line":11,"column":17},"end":{"line":11,"column":89}}}},"statementMap":{"1":{"start":{"line":3,"column":0},"end":{"line":3,"column":33}},"2":{"start":{"line":4,"column":0},"end":{"line":4,"column":36}},"3":{"start":{"line":5,"column":0},"end":{"line":5,"column":46}},"4":{"start":{"line":6,"column":0},"end":{"line":6,"column":35}},"5":{"start":{"line":7,"column":0},"end":{"line":7,"column":35}},"6":{"start":{"line":8,"column":0},"end":{"line":8,"column":67}},"7":{"start":{"line":9,"column":0},"end":{"line":9,"column":43}},"8":{"start":{"line":11,"column":0},"end":{"line":99,"column":2}},"9":{"start":{"line":12,"column":2},"end":{"line":12,"column":41}},"10":{"start":{"line":13,"column":2},"end":{"line":13,"column":47}},"11":{"start":{"line":15,"column":2},"end":{"line":21,"column":45}},"12":{"start":{"line":16,"column":4},"end":{"line":17,"column":50}},"13":{"start":{"line":17,"column":6},"end":{"line":17,"column":50}},"14":{"start":{"line":19,"column":4},"end":{"line":19,"column":245}},"15":{"start":{"line":20,"column":4},"end":{"line":20,"column":19}},"16":{"start":{"line":23,"column":2},"end":{"line":41,"column":5}},"17":{"start":{"line":25,"column":4},"end":{"line":26,"column":63}},"18":{"start":{"line":26,"column":6},"end":{"line":26,"column":63}},"19":{"start":{"line":28,"column":4},"end":{"line":28,"column":84}},"20":{"start":{"line":28,"column":66},"end":{"line":28,"column":81}},"21":{"start":{"line":29,"column":4},"end":{"line":37,"column":6}},"22":{"start":{"line":30,"column":6},"end":{"line":36,"column":7}},"23":{"start":{"line":31,"column":8},"end":{"line":31,"column":45}},"24":{"start":{"line":33,"column":8},"end":{"line":35,"column":27}},"25":{"start":{"line":33,"column":68},"end":{"line":33,"column":95}},"26":{"start":{"line":34,"column":31},"end":{"line":34,"column":97}},"27":{"start":{"line":39,"column":4},"end":{"line":40,"column":24}},"28":{"start":{"line":39,"column":42},"end":{"line":39,"column":67}},"29":{"start":{"line":40,"column":18},"end":{"line":40,"column":22}},"30":{"start":{"line":43,"column":2},"end":{"line":98,"column":5}},"31":{"start":{"line":44,"column":4},"end":{"line":97,"column":54}},"32":{"start":{"line":45,"column":6},"end":{"line":95,"column":9}},"33":{"start":{"line":49,"column":8},"end":{"line":94,"column":9}},"34":{"start":{"line":50,"column":10},"end":{"line":50,"column":37}},"35":{"start":{"line":52,"column":10},"end":{"line":93,"column":117}},"36":{"start":{"line":53,"column":12},"end":{"line":54,"column":56}},"37":{"start":{"line":54,"column":14},"end":{"line":54,"column":56}},"38":{"start":{"line":56,"column":12},"end":{"line":56,"column":41}},"39":{"start":{"line":59,"column":12},"end":{"line":59,"column":77}},"40":{"start":{"line":60,"column":12},"end":{"line":66,"column":15}},"41":{"start":{"line":69,"column":12},"end":{"line":69,"column":86}},"42":{"start":{"line":70,"column":12},"end":{"line":70,"column":112}},"43":{"start":{"line":71,"column":12},"end":{"line":71,"column":112}},"44":{"start":{"line":72,"column":12},"end":{"line":72,"column":87}},"45":{"start":{"line":74,"column":12},"end":{"line":74,"column":81}},"46":{"start":{"line":77,"column":12},"end":{"line":77,"column":30}},"47":{"start":{"line":78,"column":12},"end":{"line":78,"column":68}},"48":{"start":{"line":79,"column":12},"end":{"line":86,"column":14}},"49":{"start":{"line":88,"column":12},"end":{"line":89,"column":349}},"50":{"start":{"line":89,"column":14},"end":{"line":89,"column":349}},"51":{"start":{"line":91,"column":12},"end":{"line":91,"column":79}},"52":{"start":{"line":93,"column":22},"end":{"line":93,"column":115}},"53":{"start":{"line":97,"column":18},"end":{"line":97,"column":52}}},"branchMap":{"1":{"line":12,"type":"binary-expr","locations":[{"start":{"line":12,"column":15},"end":{"line":12,"column":29}},{"start":{"line":12,"column":33},"end":{"line":12,"column":40}}]},"2":{"line":13,"type":"binary-expr","locations":[{"start":{"line":13,"column":18},"end":{"line":13,"column":35}},{"start":{"line":13,"column":39},"end":{"line":13,"column":46}}]},"3":{"line":16,"type":"if","locations":[{"start":{"line":16,"column":4},"end":{"line":16,"column":4}},{"start":{"line":16,"column":4},"end":{"line":16,"column":4}}]},"4":{"line":25,"type":"if","locations":[{"start":{"line":25,"column":4},"end":{"line":25,"column":4}},{"start":{"line":25,"column":4},"end":{"line":25,"column":4}}]},"5":{"line":25,"type":"binary-expr","locations":[{"start":{"line":25,"column":8},"end":{"line":25,"column":37}},{"start":{"line":25,"column":41},"end":{"line":25,"column":77}}]},"6":{"line":30,"type":"if","locations":[{"start":{"line":30,"column":6},"end":{"line":30,"column":6}},{"start":{"line":30,"column":6},"end":{"line":30,"column":6}}]},"7":{"line":49,"type":"if","locations":[{"start":{"line":49,"column":8},"end":{"line":49,"column":8}},{"start":{"line":49,"column":8},"end":{"line":49,"column":8}}]},"8":{"line":53,"type":"if","locations":[{"start":{"line":53,"column":12},"end":{"line":53,"column":12}},{"start":{"line":53,"column":12},"end":{"line":53,"column":12}}]},"9":{"line":53,"type":"binary-expr","locations":[{"start":{"line":53,"column":16},"end":{"line":53,"column":30}},{"start":{"line":53,"column":34},"end":{"line":53,"column":68}}]},"10":{"line":88,"type":"if","locations":[{"start":{"line":88,"column":12},"end":{"line":88,"column":12}},{"start":{"line":88,"column":12},"end":{"line":88,"column":12}}]},"11":{"line":88,"type":"binary-expr","locations":[{"start":{"line":88,"column":16},"end":{"line":88,"column":31}},{"start":{"line":88,"column":35},"end":{"line":88,"column":68}}]}},"code":["'use strict';","","const crypto = require('crypto');","const prompt = require('souffleur');","const rp = require('minimal-request-promise');","const fbReply = require('./reply');","const fbParse = require('./parse');","const validateFbRequestIntegrity = require('./validate-integrity');","const color = require('../console-colors');","","module.exports = function fbSetup(api, bot, logError, optionalParser, optionalResponder) {","  let parser = optionalParser || fbParse;","  let responder = optionalResponder || fbReply;","","  api.get('/facebook', request => {","    if (request.queryString['hub.verify_token'] === request.env.facebookVerifyToken)","      return request.queryString['hub.challenge'];","","    logError(`Facebook can't verify the token. It expected '${request.env.facebookVerifyToken}', but got '${request.queryString['hub.verify_token']}'. Make sure you are using the same token you set in 'facebookVerifyToken' stage env variable.`);","    return 'Error';","  }, {success: {contentType: 'text/plain'}});","","  api.post('/facebook', request => {","    // We are doing verification if FB Secret exist in env because we don't want to break old bots that forgot to add it","    if (request.env.facebookAppSecret && !validateFbRequestIntegrity(request))","      return Promise.reject('X-Hub-Signatures does not match');","","    let arr = [].concat.apply([], request.body.entry.map(entry => entry.messaging));","    let fbHandle = parsedMessage => {","      if (parsedMessage) {","        var recipient = parsedMessage.sender;","","        return Promise.resolve(parsedMessage).then(parsedMessage => bot(parsedMessage, request))","          .then(botResponse => responder(recipient, botResponse, request.env.facebookAccessToken))","          .catch(logError);","      }","    };","","    return Promise.all(arr.map(message => fbHandle(parser(message))))","      .then(() => 'ok');","  });","","  api.addPostDeployStep('facebook', (options, lambdaDetails, utils) => {","    return Promise.resolve().then(() => {","      return utils.apiGatewayPromise.getStagePromise({","        restApiId: lambdaDetails.apiId,","        stageName: lambdaDetails.alias","      }).then(data => {","        if (options['configure-fb-bot']) {","          let token, pageAccessToken;","","          return Promise.resolve().then(() => {","            if (data.variables && data.variables.facebookVerifyToken)","              return data.variables.facebookVerifyToken;","","            return crypto.randomBytes(8);","          })","          .then(rawToken => {","            token = rawToken.toString('base64').replace(/[^A-Za-z0-9]/g, '');","            return utils.apiGatewayPromise.createDeploymentPromise({","              restApiId: lambdaDetails.apiId,","              stageName: lambdaDetails.alias,","              variables: {","                facebookVerifyToken: token","              }","            });","          })","          .then(() => {","            console.log(`\\n\\n${color.green}Facebook Messenger setup${color.reset}\\n`);","            console.log(`\\nFollowing info is required for the setup, for more info check the documentation.\\n`);","            console.log(`\\nYour webhook URL is: ${color.cyan}${lambdaDetails.apiUrl}/facebook${color.reset}\\n`);","            console.log(`Your verify token is: ${color.cyan}${token}${color.reset}\\n`);","","            return prompt(['Facebook page access token', 'Facebook App Secret']);","          })","          .then(results => {","            console.log('\\n');","            pageAccessToken = results['Facebook page access token'];","            const deployment = {","              restApiId: lambdaDetails.apiId,","              stageName: lambdaDetails.alias,","              variables: {","                facebookAccessToken: pageAccessToken,","                facebookAppSecret: results['Facebook App Secret']","              }","            };","","            if (!data.variables || !data.variables.facebookAppSecret)","              console.log(`\\n${color.yellow}Deprecation warning:${color.reset} your bot is not using facebook validation. Please re-run with --configure-fb-bot to set it. This will become mandatory in the next major version. See https://github.com/claudiajs/claudia-bot-builder/blob/master/docs/API.md#message-verification for more information.\\n`);","","            return utils.apiGatewayPromise.createDeploymentPromise(deployment);","          })","          .then(() => rp.post(`https://graph.facebook.com/v2.6/me/subscribed_apps?access_token=${pageAccessToken}`));","        }","      });","    })","      .then(() => `${lambdaDetails.apiUrl}/facebook`);","  });","};",""],"l":{"3":1,"4":1,"5":1,"6":1,"7":1,"8":1,"9":1,"11":1,"12":0,"13":0,"15":0,"16":0,"17":0,"19":0,"20":0,"23":0,"25":0,"26":0,"28":0,"29":0,"30":0,"31":0,"33":0,"34":0,"39":0,"40":0,"43":0,"44":0,"45":0,"49":0,"50":0,"52":0,"53":0,"54":0,"56":0,"59":0,"60":0,"69":0,"70":0,"71":0,"72":0,"74":0,"77":0,"78":0,"79":0,"88":0,"89":0,"91":0,"93":0,"97":0}},"/home/travis/build/npmtest/node-npmtest-claudia-bot-builder/node_modules/claudia-bot-builder/lib/facebook/reply.js":{"path":"/home/travis/build/npmtest/node-npmtest-claudia-bot-builder/node_modules/claudia-bot-builder/lib/facebook/reply.js","s":{"1":1,"2":1,"3":0,"4":0,"5":0,"6":0,"7":0,"8":0,"9":0,"10":0,"11":0,"12":0,"13":0,"14":0,"15":0,"16":0,"17":0,"18":0,"19":1,"20":0,"21":0,"22":0,"23":0,"24":0,"25":0,"26":0,"27":0,"28":0,"29":0,"30":0,"31":0,"32":0},"b":{"1":[0,0],"2":[0,0],"3":[0,0],"4":[0,0],"5":[0,0],"6":[0,0],"7":[0,0],"8":[0,0],"9":[0,0]},"f":{"1":0,"2":0,"3":0,"4":0},"fnMap":{"1":{"name":"fbReply","line":6,"loc":{"start":{"line":6,"column":17},"end":{"line":6,"column":69}}},"2":{"name":"sendSingle","line":7,"loc":{"start":{"line":7,"column":19},"end":{"line":7,"column":49}}},"3":{"name":"(anonymous_3)","line":33,"loc":{"start":{"line":33,"column":14},"end":{"line":33,"column":26}}},"4":{"name":"breakTextAndReturnFormatted","line":42,"loc":{"start":{"line":42,"column":2},"end":{"line":42,"column":48}}}},"statementMap":{"1":{"start":{"line":3,"column":0},"end":{"line":4,"column":38}},"2":{"start":{"line":6,"column":0},"end":{"line":62,"column":2}},"3":{"start":{"line":7,"column":2},"end":{"line":40,"column":18}},"4":{"start":{"line":8,"column":6},"end":{"line":10,"column":7}},"5":{"start":{"line":9,"column":8},"end":{"line":9,"column":95}},"6":{"start":{"line":9,"column":38},"end":{"line":9,"column":93}},"7":{"start":{"line":11,"column":6},"end":{"line":15,"column":8}},"8":{"start":{"line":16,"column":6},"end":{"line":19,"column":7}},"9":{"start":{"line":17,"column":8},"end":{"line":17,"column":66}},"10":{"start":{"line":18,"column":8},"end":{"line":18,"column":41}},"11":{"start":{"line":20,"column":6},"end":{"line":24,"column":7}},"12":{"start":{"line":21,"column":8},"end":{"line":21,"column":58}},"13":{"start":{"line":23,"column":8},"end":{"line":23,"column":38}},"14":{"start":{"line":25,"column":6},"end":{"line":30,"column":8}},"15":{"start":{"line":31,"column":6},"end":{"line":31,"column":107}},"16":{"start":{"line":34,"column":6},"end":{"line":38,"column":7}},"17":{"start":{"line":35,"column":8},"end":{"line":35,"column":33}},"18":{"start":{"line":37,"column":8},"end":{"line":37,"column":58}},"19":{"start":{"line":42,"column":2},"end":{"line":44,"column":3}},"20":{"start":{"line":43,"column":4},"end":{"line":43,"column":59}},"21":{"start":{"line":43,"column":45},"end":{"line":43,"column":56}},"22":{"start":{"line":46,"column":2},"end":{"line":60,"column":3}},"23":{"start":{"line":47,"column":4},"end":{"line":47,"column":52}},"24":{"start":{"line":48,"column":9},"end":{"line":60,"column":3}},"25":{"start":{"line":49,"column":4},"end":{"line":55,"column":7}},"26":{"start":{"line":50,"column":6},"end":{"line":54,"column":7}},"27":{"start":{"line":51,"column":8},"end":{"line":51,"column":69}},"28":{"start":{"line":53,"column":8},"end":{"line":53,"column":27}},"29":{"start":{"line":56,"column":9},"end":{"line":60,"column":3}},"30":{"start":{"line":57,"column":4},"end":{"line":57,"column":29}},"31":{"start":{"line":59,"column":4},"end":{"line":59,"column":25}},"32":{"start":{"line":61,"column":2},"end":{"line":61,"column":19}}},"branchMap":{"1":{"line":8,"type":"if","locations":[{"start":{"line":8,"column":6},"end":{"line":8,"column":6}},{"start":{"line":8,"column":6},"end":{"line":8,"column":6}}]},"2":{"line":8,"type":"binary-expr","locations":[{"start":{"line":8,"column":10},"end":{"line":8,"column":37}},{"start":{"line":8,"column":41},"end":{"line":8,"column":81}}]},"3":{"line":16,"type":"if","locations":[{"start":{"line":16,"column":6},"end":{"line":16,"column":6}},{"start":{"line":16,"column":6},"end":{"line":16,"column":6}}]},"4":{"line":20,"type":"if","locations":[{"start":{"line":20,"column":6},"end":{"line":20,"column":6}},{"start":{"line":20,"column":6},"end":{"line":20,"column":6}}]},"5":{"line":34,"type":"if","locations":[{"start":{"line":34,"column":6},"end":{"line":34,"column":6}},{"start":{"line":34,"column":6},"end":{"line":34,"column":6}}]},"6":{"line":46,"type":"if","locations":[{"start":{"line":46,"column":2},"end":{"line":46,"column":2}},{"start":{"line":46,"column":2},"end":{"line":46,"column":2}}]},"7":{"line":48,"type":"if","locations":[{"start":{"line":48,"column":9},"end":{"line":48,"column":9}},{"start":{"line":48,"column":9},"end":{"line":48,"column":9}}]},"8":{"line":50,"type":"if","locations":[{"start":{"line":50,"column":6},"end":{"line":50,"column":6}},{"start":{"line":50,"column":6},"end":{"line":50,"column":6}}]},"9":{"line":56,"type":"if","locations":[{"start":{"line":56,"column":9},"end":{"line":56,"column":9}},{"start":{"line":56,"column":9},"end":{"line":56,"column":9}}]}},"code":["'use strict';","","const rp = require('minimal-request-promise'),","  breakText = require('../breaktext');","","module.exports = function fbReply(recipient, message, fbAccessToken) {","  var sendSingle = function sendSingle (message) {","      if (typeof message === 'object' && typeof message.claudiaPause === 'number') {","        return new Promise(resolve => setTimeout(resolve, parseInt(message.claudiaPause, 10)));","      }","      const messageBody = {","        recipient: {","          id: recipient","        }","      };","      if (message.hasOwnProperty('notification_type')) {","        messageBody.notification_type = message.notification_type;","        delete message.notification_type;","      }","      if (message.hasOwnProperty('sender_action')) {","        messageBody.sender_action = message.sender_action;","      } else {","        messageBody.message = message;","      }","      const options = {","        headers: {","          'Content-Type': 'application/json'","        },","        body: JSON.stringify(messageBody)","      };","      return rp.post(`https://graph.facebook.com/v2.6/me/messages?access_token=${fbAccessToken}`, options);","    },","    sendAll = function () {","      if (!messages.length) {","        return Promise.resolve();","      } else {","        return sendSingle(messages.shift()).then(sendAll);","      }","    },","    messages = [];","","  function breakTextAndReturnFormatted(message) {","    return breakText(message, 640).map(m => ({ text: m }));","  }","","  if (typeof message === 'string') {","    messages = breakTextAndReturnFormatted(message);","  } else if (Array.isArray(message)) {","    message.forEach(msg => {","      if (typeof msg === 'string') {","        messages = messages.concat(breakTextAndReturnFormatted(msg));","      } else {","        messages.push(msg);","      }","    });","  } else if (!message) {","    return Promise.resolve();","  } else {","    messages = [message];","  }","  return sendAll();","};",""],"l":{"3":1,"6":1,"7":0,"8":0,"9":0,"11":0,"16":0,"17":0,"18":0,"20":0,"21":0,"23":0,"25":0,"31":0,"34":0,"35":0,"37":0,"42":1,"43":0,"46":0,"47":0,"48":0,"49":0,"50":0,"51":0,"53":0,"56":0,"57":0,"59":0,"61":0}},"/home/travis/build/npmtest/node-npmtest-claudia-bot-builder/node_modules/claudia-bot-builder/lib/breaktext.js":{"path":"/home/travis/build/npmtest/node-npmtest-claudia-bot-builder/node_modules/claudia-bot-builder/lib/breaktext.js","s":{"1":1,"2":0,"3":0,"4":0,"5":0,"6":0,"7":0,"8":0,"9":1,"10":0,"11":0,"12":0,"13":0,"14":0,"15":0,"16":0,"17":0,"18":0,"19":0,"20":0,"21":0,"22":0,"23":0,"24":0,"25":0,"26":0,"27":0},"b":{"1":[0,0],"2":[0,0],"3":[0,0],"4":[0,0],"5":[0,0]},"f"
[...]
line":51,"column":37}}},"2":{"name":"(anonymous_2)","line":96,"loc":{"start":{"line":96,"column":23},"end":{"line":96,"column":35}}}},"statementMap":{"1":{"start":{"line":2,"column":0},"end":{"line":3,"column":27}},"2":{"start":{"line":4,"column":0},"end":{"line":101,"column":3}},"3":{"start":{"line":5,"column":2},"end":{"line":5,"column":15}},"4":{"start":{"line":6,"column":2},"end":{"line":8,"column":5}},"5":{"start":{"line":7,"column":4},"end":{"line":7,"column":44}},"6":{"start":{"line":10,"column":2},"end":{"line":26,"column":5}},"7":{"start":{"line":11,"column":4},"end":{"line":24,"column":7}},"8":{"start":{"line":12,"column":6},"end":{"line":22,"column":10}},"9":{"start":{"line":23,"column":6},"end":{"line":23,"column":13}},"10":{"start":{"line":25,"column":4},"end":{"line":25,"column":46}},"11":{"start":{"line":27,"column":2},"end":{"line":38,"column":5}},"12":{"start":{"line":28,"column":4},"end":{"line":36,"column":7}},"13":{"start":{"line":29,"column":6},"end":{"line":34,"column":9}},"14":{"start":{"line":35,"column":6},"end":{"line":35,"column":13}},"15":{"start":{"line":37,"column":4},"end":{"line":37,"column":46}},"16":{"start":{"line":39,"column":2},"end":{"line":72,"column":5}},"17":{"start":{"line":40,"column":4},"end":{"line":48,"column":7}},"18":{"start":{"line":41,"column":6},"end":{"line":41,"column":35}},"19":{"start":{"line":42,"column":6},"end":{"line":46,"column":9}},"20":{"start":{"line":43,"column":8},"end":{"line":45,"column":22}},"21":{"start":{"line":44,"column":10},"end":{"line":44,"column":56}},"22":{"start":{"line":47,"column":6},"end":{"line":47,"column":45}},"23":{"start":{"line":49,"column":4},"end":{"line":70,"column":7}},"24":{"start":{"line":50,"column":6},"end":{"line":50,"column":35}},"25":{"start":{"line":51,"column":6},"end":{"line":68,"column":9}},"26":{"start":{"line":52,"column":8},"end":{"line":52,"column":34}},"27":{"start":{"line":53,"column":8},"end":{"line":67,"column":9}},"28":{"start":{"line":54,"column":10},"end":{"line":59,"column":13}},"29":{"start":{"line":60,"column":10},"end":{"line":65,"column":13}},"30":{"start":{"line":66,"column":10},"end":{"line":66,"column":17}},"31":{"start":{"line":69,"column":6},"end":{"line":69,"column":45}},"32":{"start":{"line":74,"column":2},"end":{"line":90,"column":5}},"33":{"start":{"line":75,"column":4},"end":{"line":84,"column":7}},"34":{"start":{"line":76,"column":6},"end":{"line":82,"column":9}},"35":{"start":{"line":83,"column":6},"end":{"line":83,"column":13}},"36":{"start":{"line":85,"column":4},"end":{"line":89,"column":20}},"37":{"start":{"line":91,"column":2},"end":{"line":94,"column":5}},"38":{"start":{"line":92,"column":4},"end":{"line":92,"column":29}},"39":{"start":{"line":93,"column":4},"end":{"line":93,"column":108}},"40":{"start":{"line":95,"column":2},"end":{"line":100,"column":5}},"41":{"start":{"line":96,"column":4},"end":{"line":98,"column":7}},"42":{"start":{"line":97,"column":6},"end":{"line":97,"column":44}},"43":{"start":{"line":99,"column":4},"end":{"line":99,"column":103}}},"branchMap":{"1":{"line":53,"type":"if","locations":[{"start":{"line":53,"column":8},"end":{"line":53,"column":8}},{"start":{"line":53,"column":8},"end":{"line":53,"column":8}}]}},"code":["/*global describe, it, expect, require, jasmine, beforeEach */","var reply = require('../../lib/viber/reply'),","  https = require('https');","describe('Viber Reply', () => {","  'use strict';","  beforeEach(() =>{","    jasmine.DEFAULT_TIMEOUT_INTERVAL = 5000;","  });","","  it('should include the token in the request', done => {","    https.request.pipe(callOptions => {","      expect(callOptions).toEqual(jasmine.objectContaining({","        protocol: 'https:',","        hostname: 'chatapi.viber.com',","        path: '/pa/send_message',","        method: 'POST',","        headers: {","          'Content-Type': 'application/json',","          'Content-Length': 79","        },","        body: '{\"type\":\"text\",\"auth_token\":\"ACCESS123\",\"text\":\"Hi there\",\"receiver\":\"user123\"}'","      }));","      done();","    });","    reply('user123', 'Hi there', 'ACCESS123');","  });","  it('should send a string message as a text object', done => {","    https.request.pipe(callOptions => {","      expect(JSON.parse(callOptions.body)).toEqual({","        type: 'text',","        auth_token: 'ACCESS123',","        text: 'Hi there',","        receiver: 'user123'","      });","      done();","    });","    reply('user123', 'Hi there', 'ACCESS123');","  });","  describe('when an array is passed', () => {","    it('should not send the second request until the first one completes', done => {","      let answers = ['foo', 'bar'];","      https.request.pipe(() => {","        Promise.resolve().then(() => {","          expect(https.request.calls.length).toEqual(1);","        }).then(done);","      });","      reply('user123', answers, 'ACCESS123');","    });","    it('should send the requests in sequence', done => {","      let answers = ['foo', 'bar'];","      https.request.pipe(function () {","        this.respond('200', 'OK');","        if (https.request.calls.length === 2) {","          expect(JSON.parse(https.request.calls[0].body[0])).toEqual({","            type: 'text',","            auth_token: 'ACCESS123',","            text: 'foo',","            receiver: 'user123'","          });","          expect(JSON.parse(https.request.calls[1].body[0])).toEqual({","            type: 'text',","            auth_token: 'ACCESS123',","            text: 'bar',","            receiver: 'user123'","          });","          done();","        }","      });","      reply('user123', answers, 'ACCESS123');","    });","","  });","","  it('should send complex messages without transforming into a text object', done => {","    https.request.pipe(callOptions => {","      expect(JSON.parse(callOptions.body)).toEqual({","        auth_token: 'ACCESS123',","        receiver: 'user123',","        tracking_data: 123,","        type: 'text',","        text: 'random text message'","      });","      done();","    });","    reply('user123', {","      tracking_data: 123,","      type: 'text',","      text: 'random text message'","    }, 'ACCESS123');","  });","  it('should not resolve before the https endpoint responds', done => {","    https.request.pipe(done);","    reply('user123', {template: 'big', contents: { title: 'red'} }, 'ACCESS123').then(done.fail, done.fail);","  });","  it('should resolve when the https endpoint responds with 200', done => {","    https.request.pipe(function () {","      this.respond('200', 'OK', 'Hi there');","    });","    reply('user123', {template: 'big', contents: { title: 'red'} }, 'ACCESS123').then(done, done.fail);","  });","});",""],"l":{"2":2,"4":2,"5":0,"6":0,"7":0,"10":0,"11":0,"12":0,"23":0,"25":0,"27":0,"28":0,"29":0,"35":0,"37":0,"39":0,"40":0,"41":0,"42":0,"43":0,"44":0,"47":0,"49":0,"50":0,"51":0,"52":0,"53":0,"54":0,"60":0,"66":0,"69":0,"74":0,"75":0,"76":0,"83":0,"85":0,"91":0,"92":0,"93":0,"95":0,"96":0,"97":0,"99":0}},"/home/travis/build/npmtest/node-npmtest-claudia-bot-builder/node_modules/claudia-bot-builder/spec/viber/viber-setup-spec.js":{"path":"/home/travis/build/npmtest/node-npmtest-claudia-bot-builder/node_modules/claudia-bot-builder/spec/viber/viber-setup-spec.js","s":{"1":2,"2":2,"3":0,"4":0,"5":0,"6":0,"7":0,"8":0,"9":0,"10":0,"11":0,"12":0,"13":0,"14":0,"15":0,"16":0,"17":0,"18":0,"19":0,"20":0,"21":0,"22":0,"23":0,"24":0,"25":0,"26":0,"27":0,"28":0,"29":0,"30":0,"31":0,"32":0,"33":0,"34":0,"35":0,"36":0,"37":0,"38":0,"39":0,"40":0,"41":0,"42":0,"43":0,"44":0,"45":0,"46":0,"47":0,"48":0,"49":0,"50":0,"51":0,"52":0,"53":0,"54":0,"55":0,"56":0,"57":0,"58":0,"59":0,"60":0,"61":0,"62":0,"63":0,"64":0,"65":0,"66":0,"67":0,"68":0,"69":0,"70":0,"71":0,"72":0,"73":0,"74":0,"75":0,"76":0,"77":0,"78":0,"79":0,"80":0,"81":0,"82":0,"83":0},"b":{},"f":{},"fnMap":{},"statementMap":{"1":{"start":{"line":3,"column":0},"end":{"line":3,"column":49}},"2":{"start":{"line":4,"column":0},"end":{"line":140,"column":3}},"3":{"start":{"line":5,"column":2},"end":{"line":5,"column":79}},"4":{"start":{"line":6,"column":2},"end":{"line":17,"column":5}},"5":{"start":{"line":7,"column":4},"end":{"line":7,"column":69}},"6":{"start":{"line":8,"column":4},"end":{"line":11,"column":7}},"7":{"start":{"line":9,"column":6},"end":{"line":9,"column":27}},"8":{"start":{"line":10,"column":6},"end":{"line":10,"column":25}},"9":{"start":{"line":12,"column":4},"end":{"line":12,"column":58}},"10":{"start":{"line":13,"column":4},"end":{"line":13,"column":33}},"11":{"start":{"line":14,"column":4},"end":{"line":14,"column":35}},"12":{"start":{"line":15,"column":4},"end":{"line":15,"column":36}},"13":{"start":{"line":16,"column":4},"end":{"line":16,"column":53}},"14":{"start":{"line":18,"column":2},"end":{"line":139,"column":5}},"15":{"start":{"line":19,"column":4},"end":{"line":32,"column":6}},"16":{"start":{"line":33,"column":4},"end":{"line":36,"column":7}},"17":{"start":{"line":34,"column":6},"end":{"line":34,"column":48}},"18":{"start":{"line":35,"column":6},"end":{"line":35,"column":77}},"19":{"start":{"line":37,"column":4},"end":{"line":137,"column":7}},"20":{"start":{"line":38,"column":6},"end":{"line":38,"column":18}},"21":{"start":{"line":39,"column":6},"end":{"line":41,"column":9}},"22":{"start":{"line":40,"column":8},"end":{"line":40,"column":47}},"23":{"start":{"line":42,"column":6},"end":{"line":45,"column":9}},"24":{"start":{"line":43,"column":8},"end":{"line":43,"column":83}},"25":{"start":{"line":44,"column":8},"end":{"line":44,"column":67}},"26":{"start":{"line":46,"column":6},"end":{"line":52,"column":9}},"27":{"start":{"line":47,"column":8},"end":{"line":47,"column":39}},"28":{"start":{"line":48,"column":8},"end":{"line":48,"column":56}},"29":{"start":{"line":49,"column":8},"end":{"line":51,"column":33}},"30":{"start":{"line":50,"column":10},"end":{"line":50,"column":93}},"31":{"start":{"line":53,"column":6},"end":{"line":59,"column":9}},"32":{"start":{"line":54,"column":8},"end":{"line":54,"column":38}},"33":{"start":{"line":55,"column":8},"end":{"line":58,"column":33}},"34":{"start":{"line":56,"column":10},"end":{"line":56,"column":37}},"35":{"start":{"line":57,"column":10},"end":{"line":57,"column":45}},"36":{"start":{"line":60,"column":6},"end":{"line":67,"column":9}},"37":{"start":{"line":61,"column":8},"end":{"line":61,"column":64}},"38":{"start":{"line":62,"column":8},"end":{"line":64,"column":33}},"39":{"start":{"line":63,"column":10},"end":{"line":63,"column":76}},"40":{"start":{"line":66,"column":8},"end":{"line":66,"column":30}},"41":{"start":{"line":68,"column":6},"end":{"line":75,"column":9}},"42":{"start":{"line":69,"column":8},"end":{"line":69,"column":36}},"43":{"start":{"line":70,"column":8},"end":{"line":70,"column":64}},"44":{"start":{"line":71,"column":8},"end":{"line":73,"column":33}},"45":{"start":{"line":72,"column":10},"end":{"line":72,"column":73}},"46":{"start":{"line":76,"column":6},"end":{"line":85,"column":9}},"47":{"start":{"line":77,"column":8},"end":{"line":77,"column":39}},"48":{"start":{"line":79,"column":8},"end":{"line":82,"column":33}},"49":{"start":{"line":80,"column":10},"end":{"line":80,"column":51}},"50":{"start":{"line":81,"column":10},"end":{"line":81,"column":57}},"51":{"start":{"line":84,"column":8},"end":{"line":84,"column":27}},"52":{"start":{"line":86,"column":6},"end":{"line":93,"column":9}},"53":{"start":{"line":87,"column":8},"end":{"line":87,"column":39}},"54":{"start":{"line":88,"column":8},"end":{"line":88,"column":40}},"55":{"start":{"line":89,"column":8},"end":{"line":89,"column":26}},"56":{"start":{"line":90,"column":8},"end":{"line":92,"column":33}},"57":{"start":{"line":91,"column":10},"end":{"line":91,"column":68}},"58":{"start":{"line":94,"column":6},"end":{"line":136,"column":9}},"59":{"start":{"line":95,"column":8},"end":{"line":95,"column":77}},"60":{"start":{"line":96,"column":8},"end":{"line":104,"column":11}},"61":{"start":{"line":97,"column":10},"end":{"line":100,"column":13}},"62":{"start":{"line":98,"column":12},"end":{"line":98,"column":39}},"63":{"start":{"line":99,"column":12},"end":{"line":99,"column":37}},"64":{"start":{"line":101,"column":10},"end":{"line":101,"column":54}},"65":{"start":{"line":103,"column":10},"end":{"line":103,"column":41}},"66":{"start":{"line":105,"column":8},"end":{"line":115,"column":11}},"67":{"start":{"line":106,"column":10},"end":{"line":108,"column":13}},"68":{"start":{"line":107,"column":12},"end":{"line":107,"column":31}},"69":{"start":{"line":110,"column":10},"end":{"line":112,"column":35}},"70":{"start":{"line":111,"column":12},"end":{"line":111,"column":44}},"71":{"start":{"line":114,"column":10},"end":{"line":114,"column":28}},"72":{"start":{"line":116,"column":8},"end":{"line":125,"column":11}},"73":{"start":{"line":117,"column":10},"end":{"line":119,"column":35}},"74":{"start":{"line":118,"column":12},"end":{"line":118,"column":52}},"75":{"start":{"line":121,"column":10},"end":{"line":123,"column":13}},"76":{"start":{"line":122,"column":12},"end":{"line":122,"column":45}},"77":{"start":{"line":124,"column":10},"end":{"line":124,"column":28}},"78":{"start":{"line":126,"column":8},"end":{"line":135,"column":11}},"79":{"start":{"line":127,"column":10},"end":{"line":129,"column":35}},"80":{"start":{"line":128,"column":12},"end":{"line":128,"column":59}},"81":{"start":{"line":131,"column":10},"end":{"line":133,"column":13}},"82":{"start":{"line":132,"column":12},"end":{"line":132,"column":37}},"83":{"start":{"line":134,"column":10},"end":{"line":134,"column":28}}},"branchMap":{},"code":["/*global require, describe, it, expect, beforeEach, jasmine*/","'use strict';","var underTest = require('../../lib/viber/setup');","describe('Viber setup', () => {","  var api, bot, logError, parser, responder, botPromise, botResolve, botReject;","  beforeEach(() => {","    api = jasmine.createSpyObj('api', ['post', 'addPostDeployStep']);","    botPromise = new Promise((resolve, reject) => {","      botResolve = resolve;","      botReject = reject;","    });","    bot = jasmine.createSpy().and.returnValue(botPromise);","    parser = jasmine.createSpy();","    logError = jasmine.createSpy();","    responder = jasmine.createSpy();","    underTest(api, bot, logError, parser, responder);","  });","  describe('message processor', () => {","    const singleMessageTemplate = {","      event: 'message',","      timestamp: 1477292830416,","      message_token: 12345,","      sender: {","        id: 'abc',","        name: 'Claudia',","        avatar: 'https://example.com/path/to.image'","      },","      'message': {","        text: 'Hello',","        type: 'text'","      }","    };","    it('shoyld wire the POST request for Viber to the message processor', () => {","      expect(api.post.calls.count()).toEqual(1);","      expect(api.post).toHaveBeenCalledWith('/viber', jasmine.any(Function));","    });","    describe('processing a single message', () => {","      var handler;","      beforeEach(() => {","        handler = api.post.calls.argsFor(0)[1];","      });","      it('should break down the message and put it into the parser', () => {","        handler({ body: singleMessageTemplate, env: { viberAccessToken: 'ABC' } });","        expect(parser).toHaveBeenCalledWith(singleMessageTemplate);","      });","      it('should pass the parsed value to the bot if a message can be parsed', (done) => {","        parser.and.returnValue('MSG1');","        handler({body: singleMessageTemplate, env: {}});","        Promise.resolve().then(() => {","          expect(bot).toHaveBeenCalledWith('MSG1', { body: singleMessageTemplate, env: {} });","        }).then(done, done.fail);","      });","      it('should not invoke the bot if the message cannot be parsed', (done) => {","        parser.and.returnValue(false);","        handler({body: singleMessageTemplate, env: {}}).then((message) => {","          expect(message).toBe('ok');","          expect(bot).not.toHaveBeenCalled();","        }).then(done, done.fail);","      });","      it('should respond when the bot resolves', (done) => {","        parser.and.returnValue({sender: 'user1', text: 'MSG1'});","        handler({ body: singleMessageTemplate, env: { viberAccessToken: 'ABC' } }).then(() => {","          expect(responder).toHaveBeenCalledWith('user1', 'Yes Yes', 'ABC');","        }).then(done, done.fail);","","        botResolve('Yes Yes');","      });","      it('should work with bot responses as strings', (done) => {","        bot.and.returnValue('Yes!');","        parser.and.returnValue({sender: 'user1', text: 'MSG1'});","        handler({body: singleMessageTemplate, env: {viberAccessToken: 'ABC'}}).then(() => {","          expect(responder).toHaveBeenCalledWith('user1', 'Yes!', 'ABC');","        }).then(done, done.fail);","","      });","      it('should log an error when the bot rejects without responding', (done) => {","        parser.and.returnValue('MSG1');","","        handler({body: singleMessageTemplate, env: {}}).then(() => {","          expect(responder).not.toHaveBeenCalled();","          expect(logError).toHaveBeenCalledWith('No No');","        }).then(done, done.fail);","","        botReject('No No');","      });","      it('should log an error when the responder throws an error', (done) => {","        parser.and.returnValue('MSG1');","        responder.and.throwError('XXX');","        botResolve('Yes');","        handler({body: singleMessageTemplate, env: {viberAccessToken: 'ABC'}}).then(() => {","          expect(logError).toHaveBeenCalledWith(jasmine.any(Error));","        }).then(done, done.fail);","      });","      describe('should work with promises in responders', () => {","        var responderResolve, responderReject, responderPromise, hasResolved;","        beforeEach(() => {","          responderPromise = new Promise((resolve, reject) => {","            responderResolve = resolve;","            responderReject = reject;","          });","          responder.and.returnValue(responderPromise);","","          parser.and.returnValue('MSG1');","        });","        it('should wait for the responders to resolve before completing the request', (done) => {","          handler({body: singleMessageTemplate, env: {viberAccessToken: 'ABC'}}).then(() => {","            hasResolved = true;","          });","","          botPromise.then(() => {","            expect(hasResolved).toBeFalsy();","          }).then(done, done.fail);","","          botResolve('YES');","        });","        it('should resolve when the responder resolves', (done) => {","          handler({body: singleMessageTemplate, env: {viberAccessToken: 'ABC'}}).then((message) => {","            expect(message).toEqual('As Promised!');","          }).then(done, done.fail);","","          botPromise.then(() => {","            responderResolve('As Promised!');","          });","          botResolve('YES');","        });","        it('should log error when the responder rejects', (done) => {","          handler({body: singleMessageTemplate, env: {viberAccessToken: 'ABC'}}).then(() => {","            expect(logError).toHaveBeenCalledWith('Bomb!');","          }).then(done, done.fail);","","          botPromise.then(() => {","            responderReject('Bomb!');","          });","          botResolve('YES');","        });","      });","    });","","  });","});",""],"l":{"3":2,"4":2,"5":0,"6":0,"7":0,"8":0,"9":0,"10":0,"12":0,"13":0,"14":0,"15":0,"16":0,"18":0,"19":0,"33":0,"34":0,"35":0,"37":0,"38":0,"39":0,"40":0,"42":0,"43":0,"44":0,"46":0,"47":0,"48":0,"49":0,"50":0,"53":0,"54":0,"55":0,"56":0,"57":0,"60":0,"61":0,"62":0,"63":0,"66":0,"68":0,"69":0,"70":0,"71":0,"72":0,"76":0,"77":0,"79":0,"80":0,"81":0,"84":0,"86":0,"87":0,"88":0,"89":0,"90":0,"91":0,"94":0,"95":0,"96":0,"97":0,"98":0,"99":0,"101":0,"103":0,"105":0,"106":0,"107":0,"110":0,"111":0,"114":0,"116":0,"117":0,"118":0,"121":0,"122":0,"124":0,"126":0,"127":0,"128":0,"131":0,"132":0,"134":0}}}